001   0000                 output "loader.bin"
002   0000             
003   0000 FE              db   0FEh               ; ID archivo binario, siempre hay que poner el mismo 0FEh
004   0001 00 C0           dw   INICIO             ; dirección de inicio
005   0003 4E D8           dw   FINAL - 1          ; dirección final
006   0005 00 C0           dw   MAIN               ; dircción del programa de ejecución (para cuando pongas r en bload"nombre_programa", r)
007   0007                 
008   0007                  
009   0007              
010   0007                 org #c000              ; org se utiliza para decirle al z80 en que posición de memoria empieza nuestro programa (es la 33280 en decimal), en hezadecimal sería #8200
011   C000                     
012   C000             INICIO: 
013   C000             
014   C000             ;esta es la entrada principal
015   C000             MAIN: 
016   C000 CD 63 C0     	call set_screen2x16
017   C003 CD 82 C0    	call load_sprites
018   C006 CD 0D C0    	call load_tileset
019   C009 CD 56 C0    	call load_screen_0
020   C00C             	
021   C00C C9          	ret
022   C00D             
023   C00D             
024   C00D             
025   C00D             
026   C00D             
027   C00D             
028   C00D             	
029   C00D             load_tileset: 
030   C00D             	;banco 0
031   C00D 21 8F C0    	ld hl, tileset_definition 
032   C010 11 00 00    	ld de, 0  ; la rutina LDIRVM necesita haber cargado previamente con de la dirección de inicio de la VRAM.https://sites.google.com/site/multivac7/files-images/TMS9918_VRAMmap_G2_300dpi.png,así es como está formado el VDP en screen 2          
033   C013 01 00 03    	ld bc, 768  ; son los 8 bytes por 96 tiles que hemos dibujado=56 bytes
034   C016 CD 5C 00    	call  LDIRVM 
035   C019             	;banco 1
036   C019 21 8F C0    	ld hl, tileset_definition 
037   C01C 11 00 08    	ld de, 2048  
038   C01F 01 00 03    	ld bc, 768 
039   C022 CD 5C 00    	call  LDIRVM 
040   C025             	;banco 2
041   C025 21 8F C0    	ld hl, tileset_definition 
042   C028 11 00 10    	ld de, 4096  
043   C02B 01 00 03    	ld bc, 768  
044   C02E CD 5C 00    	call  LDIRVM 
045   C031             
046   C031             	;banco 0
047   C031 21 8F C9    	ld hl, tileset_color
048   C034 11 00 20        ld de, 8192  
049   C037 01 00 03        ld bc, 768  
050   C03A CD 5C 00        call  LDIRVM 
051   C03D             	;banco 1
052   C03D 21 8F C9    	ld hl, tileset_color
053   C040 11 00 28        ld de, 10240  
054   C043 01 00 03        ld bc, 768  
055   C046 CD 5C 00        call  LDIRVM 
056   C049             	;banco 2
057   C049 21 8F C9    	ld hl, tileset_color
058   C04C 11 00 30        ld de, 12288  
059   C04F 01 00 03        ld bc, 768  
060   C052 CD 5C 00        call  LDIRVM 
061   C055 C9          	ret
062   C056             
063   C056             load_screen_0: 
064   C056 21 8F D5        ld hl, map_screen0
065   C059 11 00 18        ld de, 6144 
066   C05C             	;Le quitamos 64 ya que keremos pintar el HUD en las últimas 2 líneas de la pantalla
067   C05C 01 C0 02        ld bc, 768-64
068   C05F CD 5C 00        call  LDIRVM
069   C062 C9              ret
070   C063             
071   C063             set_screen2x16: 
072   C063                 ;poner los colores de tinta, fondo y borde
073   C063 21 E9 F3    	ld      hl,FORCLR
074   C066 36 0F       	ld      [hl],15 ;le poneos el 15 en tinta que es el blanco
075   C068 23          	inc     hl
076   C069 36 01       	ld      [hl],1 ;le metemos 1 en fondo que es el negro
077   C06B 23          	inc		hl
078   C06C 36 01       	ld		[hl],1 ;en borde también el negro
079   C06E CD 62 00    	call    CHGCLR
080   C071             
081   C071             	;click off	
082   C071 AF          	xor	a		
083   C072 32 DB F3    	ld	[CLIKSW],a
084   C075             		
085   C075             	;screen 2
086   C075 3E 02       	ld a,2
087   C077 CD 5F 00    	call CHGMOD ;rutina de la bios que cambia el modo de screen
088   C07A             
089   C07A             	;sprites no ampliados de 16x16
090   C07A 06 E2       	ld b,0xe2
091   C07C 0E 01       	ld c,1
092   C07E CD 47 00    	call WRTVDP
093   C081             
094   C081 C9          	ret
095   C082             
096   C082             load_sprites: 
097   C082                 ;hemos dibujado 20 sprites
098   C082 21 8F D2        ld hl, sprites_definition
099   C085 11 00 38        ld de, 14336; #3800
100   C088 01 80 02        ld bc, 32*20
101   C08B CD 5C 00        call  LDIRVM 
102   C08E C9          	ret
103   C08F             
104   C08F             
105   C08F             
106   C08F                 
107   C08F                 
108   C08F             	include "src/vars_msxBios.asm"    
001+  C08F             
002+  C08F             ;http://map.grauw.nl/resources/msxbios.php
003+  C08F             ; use RST assembler mnemonic to call
004+  C08F             CHKRAM equ 0x00 ; RST 0x00 > Check RAM and sets slot for command area.
005+  C08F             SYNCHR equ 0x08 ; RST	0x08 > Checks if then current character pointed by HL is one desired.
006+  C08F             CHRGTR equ 0x10 ; RST	0x10 > Gets the next character (or token) of the Basic-text
007+  C08F             OUTDO  equ 0x18 ; RST	0x18 > Output to current outputchannel (printer, diskfile, etc.)
008+  C08F             DCOMPR equ 0x20 ; RST	0x20 > Compares HL with DE
009+  C08F             GETYPR equ 0x28 ; RST	0x28 > Returns Type of DAC
010+  C08F             CALLF  equ 0x30 ; RST	0x30 > Executes an interslot call
011+  C08F             KEYINT equ 0x38 ; RST	0x38 > Executes the timer interrupt process routine
012+  C08F             
013+  C08F             ; use CALL assembler mnemonic
014+  C08F             RDSLT  equ 0x000C ; Reads the value of an address in another slot
015+  C08F             WRSLT  equ 0x0014 ; Writes a value to an address in another slot
016+  C08F             CALSLT equ 0x001C ; Executes inter-slot call
017+  C08F             ENASLT equ 0x0024 ; Switches indicated slot at indicated page on perpetual
018+  C08F             
019+  C08F             ; Initialization-routines
020+  C08F             INITIO equ 0x003B ; Initialises the device
021+  C08F             INIFNK equ 0x003E ; Initialises the contents of the function keys
022+  C08F             
023+  C08F             ; VDP routines
024+  C08F             DISSCR equ 0x0041 ; inhibits the screen display
025+  C08F             ENASCR equ 0x0044 ; displays the screen
026+  C08F             WRTVDP equ 0x0047 ; write data in the VDP-register, B  - Data to write, C  - Number of the register
027+  C08F             RDVRM  equ 0x004A ; Reads the content of VRAM
028+  C08F             WRTVRM equ 0x004D ; Writes data in VRAM
029+  C08F             SETRD  equ 0x0050 ; Enable VDP to read
030+  C08F             SETWRT equ 0x0053 ; Enable VDP to write
031+  C08F             FILVRM equ 0x0056 ; fill VRAM with value
032+  C08F             LDIRMV equ 0x0059 ; Block transfer to memory from VRAM
033+  C08F             LDIRVM equ 0x005C ; Block transfer to VRAM from memory
034+  C08F             CHGMOD equ 0x005F ; Switches to given screenmode
035+  C08F             CHGCLR equ 0x0062 ; Changes the screencolors
036+  C08F             CLRSPR equ 0x0069 ; Initialises all sprites
037+  C08F             INITXT equ 0x006C ; Switches to SCREEN 0 (text screen with 40 * 24 characters)
038+  C08F             INIT32 equ 0x006F ; Switches to SCREEN 1 (text screen with 32*24 characters)
039+  C08F             INIGRP equ 0x0072 ; Switches to SCREEN 2 (high resolution screen with 256*192 pixels)
040+  C08F             INIMLT equ 0x0075 ; Switches to SCREEN 3 (multi-color screen 64*48 pixels)
041+  C08F             SETTXT equ 0x0078 ; Switches to VDP in SCREEN 0 mode
042+  C08F             SETT32 equ 0x007B ; Switches VDP in SCREEN mode 1
043+  C08F             SETGRP equ 0x007E ; Switches VDP to SCREEN 2 mode
044+  C08F             SETMLT equ 0x0081 ; Switches VDP to SCREEN 3 mode
045+  C08F             CALPAT equ 0x0084 ; Returns the address of the sprite pattern table
046+  C08F             CALATR equ 0x0087 ; Returns the address of the sprite attribute table
047+  C08F             GSPSIZ equ 0x008A ; Returns current sprite size
048+  C08F             GRPPRT equ 0x008D ; Displays a character on the graphic screen
049+  C08F             FORCLR equ 0xF3E9 ;color de tinta (+1=color del fondo, +1 color del borde)
050+  C08F                     
051+  C08F             ; PSG routines
052+  C08F             GICINI equ 0x0090 ; Initialises PSG and sets initial value for the PLAY statement
053+  C08F             WRTPSG equ 0x0093 ; Writes data to PSG-register
054+  C08F             ;Input    : A  - PSG register number
055+  C08F             ;           E  - Data write
056+  C08F             RDPSG  equ 0x0096 ; Reads value from PSG-register
057+  C08F             STRTMS equ 0x0099 ; Tests whether the PLAY statement is being executed as a background task. If not, begins to execute the PLAY statement  */
058+  C08F             
059+  C08F             ; Console routines, rutinas de consola
060+  C08F             CHSNS  equ 0x009C ; Tests the status of the keyboard buffer
061+  C08F             CHGET  equ 0x009F ; One character input (waiting)
062+  C08F             CHPUT  equ 0x00A2 ; Displays one character
063+  C08F             LPTOUT equ 0x00A5 ; Sends one character to printer
064+  C08F             LPTSTT equ 0x00A8 ; Tests printer status
065+  C08F             CNVCHR equ 0x00AB ; tests for the graphic header and transforms the code
066+  C08F             PINLIN equ 0x00AE ; Stores in the specified buffer the character codes input until the return key or STOP key is pressed     */
067+  C08F             INLIN  equ 0x00B1 ; Same as PINLIN except that AUGFLG (#F6AA) is set
068+  C08F             QINLIN equ 0x00B4 ; Prints a questionmark andone space
069+  C08F             BREAKX equ 0x00B7 ; Tests status of CTRL-STOP 
070+  C08F             ISCNTC equ 0x00BA ; Tests status of SHIFT-STOP 
071+  C08F             CKCNTC equ 0x00BD ; Same as ISCNTC. used in Basic
072+  C08F             BEEP   equ 0x00C0 ; generates beep
073+  C08F             BCLS   equ 0x00C3 ; Clears the screen
074+  C08F             POSIT  equ 0x00C6 ; Places the cursor at the specified location
075+  C08F             FNKSB  equ 0x00C9 ; Tests whether the function key display is active (FNKFLG)If so, displays them, otherwise erase them */
076+  C08F             ERAFNK equ 0x00CC ; Erase functionkey display
077+  C08F             DSPFNK equ 0x00CF ; Displays the function keys
078+  C08F             TOTEXT equ 0x00D2 ; Forces the screen to be in the text mode
079+  C08F             
080+  C08F             ; Controller routines                      
081+  C08F             GTSTCK equ 0x00D5 ; Returns the joystick status
082+  C08F             GTTRIG equ 0x00D8 ; Returns current trigger status
083+  C08F             GTPAD  equ 0x00DB ; Returns current touch pad status
084+  C08F             GTPDL  equ 0x00DE ; Returns currenct value of paddle
085+  C08F             
086+  C08F             ; Tape device routines                      
087+  C08F             TAPION equ 0x00E1 ; Reads the header block after turning the cassette motor on
088+  C08F             TAPIN  equ 0x00E4 ; Read data from the tape
089+  C08F             TAPIOF equ 0x00E7 ; Stops reading from the tape
090+  C08F             TAPOON equ 0x00EA ; Turns on the cassette motor and writes the header
091+  C08F             TAPOUT equ 0x00ED ; Writes data on the tape
092+  C08F             TAPOOF equ 0x00F0 ; Stops writing on the tape
093+  C08F             STMOTR equ 0x00F3 ; Sets the cassette motor action
094+  C08F             
095+  C08F             ; Queue routines                      
096+  C08F             LFTQ equ 0x00F6 ; Gives number of bytes in queue
097+  C08F             PUTQ equ 0x00F9 ; Put byte in queue
098+  C08F             
099+  C08F             ; Graphic routines
100+  C08F             ;More info (MSX Assembly Page): http:;map.grauw.nl/resources/msxbios.php                      
101+  C08F             RIGHTC equ 0x00FC ; Shifts screenpixel to the right
102+  C08F             LEFTC  equ 0x00FF ; Shifts screenpixel to the left
103+  C08F             UPC    equ 0x0102 ; Shifts screenpixel up
104+  C08F             TUPC   equ 0x0105 ; Tests whether UPC is possible, if possible, execute UPC
105+  C08F             DOWNC  equ 0x0108 ; Shifts screenpixel down
106+  C08F             TDOWNC equ 0x010B ; Tests whether DOWNC is possible, if possible, execute DOWNC
107+  C08F             SCALXY equ 0x010E ; Scales X and Y coordinates
108+  C08F             MAPXY  equ 0x0111 ; Places cursor at current cursor address
109+  C08F             FETCHC equ 0x0114 ; Gets current cursor addresses mask pattern
110+  C08F             STOREC equ 0x0117 ; Record current cursor addresses mask pattern
111+  C08F             SETATR equ 0x011A ; Set attribute byte
112+  C08F             READC  equ 0x011E ; Reads attribute byte of current screenpixel
113+  C08F             SETC   equ 0x0120 ; Returns currenct screenpixel of specificed attribute byte
114+  C08F             NSETCX equ 0x0123 ; Set horizontal screenpixels
115+  C08F             GTASPC equ 0x0126 ; Gets screen relations
116+  C08F             PNTINI equ 0x0129 ; Initalises the PAINT instruction
117+  C08F             SCANR  equ 0x012C ; Scans screenpixels to the right
118+  C08F             SCANL  equ 0x012F ; Scans screenpixels to the left
119+  C08F             
120+  C08F             ; Graphic routines MSX2
121+  C08F             ;More info (MSX Assembly Page): http:;map.grauw.nl/resources/msxbios.php#msx2bios
122+  C08F             CHKNEW equ 0x0165 ;Tests screen mode > C-flag set if screenmode = 5, 6, 7 or 8
123+  C08F             BIGFIL equ 0x016B ;fill VRAM with value (total VRAM can be reached) HL address, BC length, A data
124+  C08F             NSETRD equ 0x016E ;Enable VDP to read.(with full 16 bits VRAM-address)
125+  C08F             NSTWRT equ 0x0171 ;Enable VDP to write.(with full 16 bits VRAM-address) 
126+  C08F             NRDVRM equ 0x0174 ;Reads VRAM like in RDVRM.(with full 16 bits VRAM-address)
127+  C08F             NWRVRM equ 0x0177 ;Writes to VRAM like in WRTVRM.(with full 16 bits VRAM-address)
128+  C08F             
129+  C08F             
130+  C08F             
131+  C08F             
132+  C08F             
133+  C08F             
134+  C08F                                  
135+  C08F             ; Misc routines
136+  C08F             CLIKSW equ 0xF3DB; para que no se oiga el click que hace al pulsar las teclas
137+  C08F             CHGCAP equ 0x0132 ; Alternates the CAP lamp status
138+  C08F             CHGSND equ 0x0135 ; Alternates the 1-bit sound port status
139+  C08F             RSLREG equ 0x0138 ; Reads the primary slot register
140+  C08F             WSLREG equ 0x013B ; Writes value to the primary slot register
141+  C08F             RDVDP  equ 0x013E ; Reads VDP status register
142+  C08F             SNSMAT equ 0x0141 ; Returns the value of the specified line from the keyboard matrix
143+  C08F             ; 0   1          2           3           4           5           6           7           8       9       10
144+  C08F             ;0    1          2                      4           5           6
145+  C08F             ;1   ; fin grabr ' grabar                                                    Ñ
146+  C08F             ;2                                      \grabar2  DEADfingrabar2 A           B
147+  C08F             ;3 C                        F           G           H
148+  C08F             ;4                          N
149+  C08F             ;5 S                        V                       X                       Z
150+  C08F             ;6SHIFtONTROL    GRAPH      CAPS        CODE
151+  C08F             ;7              ESCAPE                              BS                      RET
152+  C08F             ;8                                               Cursor ^    Cursor v
153+  C08F             PHYDIO equ 0x0144 ; Executes I/O for mass-storage media like diskettes
154+  C08F             FORMAT equ 0x0147 ; Initialises mass-storage media like formatting of diskettes
155+  C08F             ISFLIO equ 0x014A ; Tests if I/O to device is taking place
156+  C08F             OUTDLP equ 0x014E ; Printer output
157+  C08F             GETVCP equ 0x0150 ; Returns pointer to play queue
158+  C08F             GETVC2 equ 0x0153 ; Returns pointer to variable in queue number VOICEN (byte op #FB38)
159+  C08F             KILBUF equ 0x0156 ; Clear keyboard buffer
160+  C08F             CALBAS equ 0x0159 ; Executes inter-slot call to the routine in BASIC interpreter
161+  C08F                     
162+  C08F             
109   C08F             tileset_definition: 
110   C08F             	include "src/tileset-definition.asm"
001+  C08F             BANK_PATTERN_0: 
002+  C08F             	DB 255, 255, 255, 255, 255, 255, 255, 255
002+  C08F FFFFFFFFFFFFFFFF
003+  C097             	DB 255, 255, 255, 255, 255, 255, 255, 255
003+  C097 FFFFFFFFFFFFFFFF
004+  C09F             	DB 0, 0, 0, 0, 255, 255, 255, 255
004+  C09F 00000000FFFFFFFF
005+  C0A7             	DB 0, 0, 0, 0, 0, 0, 255, 255
005+  C0A7 000000000000FFFF
006+  C0AF             	DB 1, 3, 7, 15, 31, 63, 127, 255
006+  C0AF 0103070F1F3F7FFF
007+  C0B7             	DB 128, 192, 224, 240, 248, 252, 254, 255
007+  C0B7 80C0E0F0F8FCFEFF
008+  C0BF             	DB 255, 255, 255, 255, 255, 255, 255, 255
008+  C0BF FFFFFFFFFFFFFFFF
009+  C0C7             	DB 0, 0, 0, 0, 255, 255, 255, 255
009+  C0C7 00000000FFFFFFFF
010+  C0CF             	DB 0, 0, 0, 0, 0, 0, 255, 255
010+  C0CF 000000000000FFFF
011+  C0D7             	DB 1, 3, 7, 15, 31, 63, 127, 255
011+  C0D7 0103070F1F3F7FFF
012+  C0DF             	DB 128, 192, 224, 240, 248, 252, 254, 255
012+  C0DF 80C0E0F0F8FCFEFF
013+  C0E7             	DB 255, 255, 255, 255, 255, 255, 255, 255
013+  C0E7 FFFFFFFFFFFFFFFF
014+  C0EF             	DB 0, 0, 0, 0, 255, 255, 255, 255
014+  C0EF 00000000FFFFFFFF
015+  C0F7             	DB 0, 0, 0, 0, 0, 0, 255, 255
015+  C0F7 000000000000FFFF
016+  C0FF             	DB 1, 3, 7, 15, 31, 63, 127, 255
016+  C0FF 0103070F1F3F7FFF
017+  C107             	DB 128, 192, 224, 240, 248, 252, 254, 255
017+  C107 80C0E0F0F8FCFEFF
018+  C10F             	DB 255, 255, 255, 255, 255, 255, 255, 255
018+  C10F FFFFFFFFFFFFFFFF
019+  C117             	DB 0, 0, 0, 0, 255, 255, 255, 255
019+  C117 00000000FFFFFFFF
020+  C11F             	DB 0, 0, 0, 0, 0, 0, 255, 255
020+  C11F 000000000000FFFF
021+  C127             	DB 1, 3, 7, 15, 31, 63, 127, 255
021+  C127 0103070F1F3F7FFF
022+  C12F             	DB 128, 192, 224, 240, 248, 252, 254, 255
022+  C12F 80C0E0F0F8FCFEFF
023+  C137             	DB 255, 255, 255, 255, 255, 255, 255, 255
023+  C137 FFFFFFFFFFFFFFFF
024+  C13F             	DB 0, 0, 0, 0, 255, 255, 255, 255
024+  C13F 00000000FFFFFFFF
025+  C147             	DB 0, 0, 0, 0, 0, 0, 255, 255
025+  C147 000000000000FFFF
026+  C14F             	DB 1, 3, 7, 15, 31, 63, 127, 255
026+  C14F 0103070F1F3F7FFF
027+  C157             	DB 128, 192, 224, 240, 248, 252, 254, 255
027+  C157 80C0E0F0F8FCFEFF
028+  C15F             	DB 255, 255, 255, 255, 255, 255, 255, 255
028+  C15F FFFFFFFFFFFFFFFF
029+  C167             	DB 0, 0, 0, 0, 255, 255, 255, 255
029+  C167 00000000FFFFFFFF
030+  C16F             	DB 0, 0, 0, 0, 0, 0, 255, 255
030+  C16F 000000000000FFFF
031+  C177             	DB 1, 3, 7, 15, 31, 63, 127, 255
031+  C177 0103070F1F3F7FFF
032+  C17F             	DB 128, 192, 224, 240, 248, 252, 254, 255
032+  C17F 80C0E0F0F8FCFEFF
033+  C187             	DB 0, 0, 0, 0, 0, 0, 0, 0
033+  C187 0000000000000000
034+  C18F             	DB 0, 126, 126, 126, 126, 126, 126, 0
034+  C18F 007E7E7E7E7E7E00
035+  C197             	DB 0, 127, 127, 127, 127, 127, 127, 127
035+  C197 007F7F7F7F7F7F7F
036+  C19F             	DB 254, 254, 254, 254, 254, 254, 254, 0
036+  C19F FEFEFEFEFEFEFE00
037+  C1A7             	DB 255, 255, 255, 255, 255, 255, 255, 255
037+  C1A7 FFFFFFFFFFFFFFFF
038+  C1AF             	DB 255, 255, 255, 255, 255, 255, 255, 255
038+  C1AF FFFFFFFFFFFFFFFF
039+  C1B7             	DB 0, 127, 127, 127, 127, 127, 127, 127
039+  C1B7 007F7F7F7F7F7F7F
040+  C1BF             	DB 254, 254, 254, 254, 254, 254, 254, 0
040+  C1BF FEFEFEFEFEFEFE00
041+  C1C7             	DB 0, 0, 0, 0, 0, 0, 0, 0
041+  C1C7 0000000000000000
042+  C1CF             	DB 0, 0, 0, 0, 0, 0, 0, 0
042+  C1CF 0000000000000000
043+  C1D7             	DB 0, 0, 0, 0, 0, 0, 0, 0
043+  C1D7 0000000000000000
044+  C1DF             	DB 0, 0, 0, 0, 0, 0, 0, 0
044+  C1DF 0000000000000000
045+  C1E7             	DB 0, 127, 127, 127, 127, 127, 127, 127
045+  C1E7 007F7F7F7F7F7F7F
046+  C1EF             	DB 0, 254, 254, 254, 254, 254, 254, 254
046+  C1EF 00FEFEFEFEFEFEFE
047+  C1F7             	DB 0, 254, 159, 254, 254, 254, 254, 254
047+  C1F7 00FE9FFEFEFEFEFE
048+  C1FF             	DB 0, 0, 0, 0, 0, 0, 0, 0
048+  C1FF 0000000000000000
049+  C207             	DB 0, 0, 0, 0, 0, 0, 0, 0
049+  C207 0000000000000000
050+  C20F             	DB 255, 255, 195, 219, 255, 219, 195, 126
050+  C20F FFFFC3DBFFDBC37E
051+  C217             	DB 24, 24, 0, 24, 60, 126, 195, 255
051+  C217 181800183C7EC3FF
052+  C21F             	DB 255, 129, 195, 126, 60, 24, 24, 126
052+  C21F FF81C37E3C18187E
053+  C227             	DB 0, 0, 0, 255, 129, 195, 255, 126
053+  C227 000000FF81C3FF7E
054+  C22F             	DB 60, 126, 255, 129, 255, 195, 126, 60
054+  C22F 3C7EFF81FFC37E3C
055+  C237             	DB 24, 24, 24, 60, 126, 255, 126, 60
055+  C237 1818183C7EFF7E3C
056+  C23F             	DB 0, 0, 0, 0, 0, 0, 0, 0
056+  C23F 0000000000000000
057+  C247             	DB 0, 0, 0, 0, 0, 0, 0, 0
057+  C247 0000000000000000
058+  C24F             	DB 24, 60, 126, 219, 183, 126, 60, 24
058+  C24F 183C7EDBB77E3C18
059+  C257             	DB 0, 8, 8, 8, 8, 8, 8, 8
059+  C257 0008080808080808
060+  C25F             	DB 0, 0, 0, 0, 0, 0, 0, 0
060+  C25F 0000000000000000
061+  C267             	DB 0, 0, 0, 0, 0, 0, 0, 0
061+  C267 0000000000000000
062+  C26F             	DB 0, 0, 0, 0, 0, 0, 0, 0
062+  C26F 0000000000000000
063+  C277             	DB 0, 0, 0, 0, 0, 0, 0, 0
063+  C277 0000000000000000
064+  C27F             	DB 0, 0, 0, 0, 0, 0, 0, 0
064+  C27F 0000000000000000
065+  C287             	DB 0, 0, 0, 0, 0, 0, 0, 0
065+  C287 0000000000000000
066+  C28F             	DB 0, 60, 66, 66, 60, 66, 66, 66
066+  C28F 003C42423C424242
067+  C297             	DB 0, 60, 34, 34, 28, 34, 34, 60
067+  C297 003C22221C22223C
068+  C29F             	DB 0, 28, 32, 32, 0, 32, 32, 28
068+  C29F 001C20200020201C
069+  C2A7             	DB 0, 60, 34, 34, 0, 34, 34, 60
069+  C2A7 003C22220022223C
070+  C2AF             	DB 0, 28, 32, 32, 28, 32, 32, 28
070+  C2AF 001C20201C20201C
071+  C2B7             	DB 0, 60, 64, 64, 28, 64, 64, 64
071+  C2B7 003C40401C404040
072+  C2BF             	DB 0, 56, 64, 64, 12, 68, 68, 56
072+  C2BF 003840400C444438
073+  C2C7             	DB 0, 68, 68, 68, 56, 68, 68, 68
073+  C2C7 0044444438444444
074+  C2CF             	DB 0, 16, 16, 16, 0, 16, 16, 16
074+  C2CF 0010101000101010
075+  C2D7             	DB 0, 4, 4, 0, 4, 68, 68, 56
075+  C2D7 0004040004444438
076+  C2DF             	DB 0, 68, 72, 80, 56, 68, 68, 68
076+  C2DF 0044485038444444
077+  C2E7             	DB 0, 64, 64, 64, 0, 64, 64, 60
077+  C2E7 004040400040403C
078+  C2EF             	DB 0, 56, 84, 84, 0, 68, 68, 68
078+  C2EF 0038545400444444
079+  C2F7             	DB 0, 100, 84, 76, 0, 68, 68, 68
079+  C2F7 0064544C00444444
080+  C2FF             	DB 0, 56, 68, 68, 0, 68, 68, 56
080+  C2FF 0038444400444438
081+  C307             	DB 0, 56, 68, 68, 56, 64, 64, 64
081+  C307 0038444438404040
082+  C30F             	DB 0, 56, 68, 68, 0, 68, 72, 52
082+  C30F 0038444400444834
083+  C317             	DB 0, 56, 68, 68, 56, 80, 72, 68
083+  C317 0038444438504844
084+  C31F             	DB 0, 60, 64, 64, 56, 4, 4, 120
084+  C31F 003C404038040478
085+  C327             	DB 0, 124, 16, 16, 0, 16, 16, 16
085+  C327 007C101000101010
086+  C32F             	DB 0, 68, 68, 68, 0, 68, 68, 56
086+  C32F 0044444400444438
087+  C337             	DB 0, 68, 68, 68, 8, 80, 96, 64
087+  C337 0044444408506040
088+  C33F             	DB 0, 68, 68, 68, 0, 84, 84, 56
088+  C33F 0044444400545438
089+  C347             	DB 0, 68, 68, 40, 16, 40, 68, 68
089+  C347 0044442810284444
090+  C34F             	DB 0, 68, 68, 68, 56, 4, 4, 56
090+  C34F 0044444438040438
091+  C357             	DB 0, 60, 4, 8, 16, 32, 64, 120
091+  C357 003C040810204078
092+  C35F             	DB 0, 0, 0, 0, 0, 0, 0, 0
092+  C35F 0000000000000000
093+  C367             	DB 0, 0, 0, 0, 0, 0, 0, 0
093+  C367 0000000000000000
094+  C36F             	DB 0, 0, 0, 0, 0, 0, 0, 0
094+  C36F 0000000000000000
095+  C377             	DB 0, 0, 0, 0, 0, 0, 0, 0
095+  C377 0000000000000000
096+  C37F             	DB 0, 0, 0, 0, 0, 0, 0, 0
096+  C37F 0000000000000000
097+  C387             	DB 0, 0, 0, 0, 0, 0, 0, 0
097+  C387 0000000000000000
098+  C38F             BANK_PATTERN_1: 
099+  C38F             	DB 255, 255, 255, 255, 255, 255, 255, 255
099+  C38F FFFFFFFFFFFFFFFF
100+  C397             	DB 255, 255, 255, 255, 255, 255, 255, 255
100+  C397 FFFFFFFFFFFFFFFF
101+  C39F             	DB 0, 0, 0, 0, 255, 255, 255, 255
101+  C39F 00000000FFFFFFFF
102+  C3A7             	DB 0, 0, 0, 0, 0, 0, 255, 255
102+  C3A7 000000000000FFFF
103+  C3AF             	DB 1, 3, 7, 15, 31, 63, 127, 255
103+  C3AF 0103070F1F3F7FFF
104+  C3B7             	DB 128, 192, 224, 240, 248, 252, 254, 255
104+  C3B7 80C0E0F0F8FCFEFF
105+  C3BF             	DB 255, 255, 255, 255, 255, 255, 255, 255
105+  C3BF FFFFFFFFFFFFFFFF
106+  C3C7             	DB 0, 0, 0, 0, 255, 255, 255, 255
106+  C3C7 00000000FFFFFFFF
107+  C3CF             	DB 0, 0, 0, 0, 0, 0, 255, 255
107+  C3CF 000000000000FFFF
108+  C3D7             	DB 1, 3, 7, 15, 31, 63, 127, 255
108+  C3D7 0103070F1F3F7FFF
109+  C3DF             	DB 128, 192, 224, 240, 248, 252, 254, 255
109+  C3DF 80C0E0F0F8FCFEFF
110+  C3E7             	DB 255, 255, 255, 255, 255, 255, 255, 255
110+  C3E7 FFFFFFFFFFFFFFFF
111+  C3EF             	DB 0, 0, 0, 0, 255, 255, 255, 255
111+  C3EF 00000000FFFFFFFF
112+  C3F7             	DB 0, 0, 0, 0, 0, 0, 255, 255
112+  C3F7 000000000000FFFF
113+  C3FF             	DB 1, 3, 7, 15, 31, 63, 127, 255
113+  C3FF 0103070F1F3F7FFF
114+  C407             	DB 128, 192, 224, 240, 248, 252, 254, 255
114+  C407 80C0E0F0F8FCFEFF
115+  C40F             	DB 255, 255, 255, 255, 255, 255, 255, 255
115+  C40F FFFFFFFFFFFFFFFF
116+  C417             	DB 0, 0, 0, 0, 255, 255, 255, 255
116+  C417 00000000FFFFFFFF
117+  C41F             	DB 0, 0, 0, 0, 0, 0, 255, 255
117+  C41F 000000000000FFFF
118+  C427             	DB 1, 3, 7, 15, 31, 63, 127, 255
118+  C427 0103070F1F3F7FFF
119+  C42F             	DB 128, 192, 224, 240, 248, 252, 254, 255
119+  C42F 80C0E0F0F8FCFEFF
120+  C437             	DB 255, 255, 255, 255, 255, 255, 255, 255
120+  C437 FFFFFFFFFFFFFFFF
121+  C43F             	DB 0, 0, 0, 0, 255, 255, 255, 255
121+  C43F 00000000FFFFFFFF
122+  C447             	DB 0, 0, 0, 0, 0, 0, 255, 255
122+  C447 000000000000FFFF
123+  C44F             	DB 1, 3, 7, 15, 31, 63, 127, 255
123+  C44F 0103070F1F3F7FFF
124+  C457             	DB 128, 192, 224, 240, 248, 252, 254, 255
124+  C457 80C0E0F0F8FCFEFF
125+  C45F             	DB 255, 255, 255, 255, 255, 255, 255, 255
125+  C45F FFFFFFFFFFFFFFFF
126+  C467             	DB 0, 0, 0, 0, 255, 255, 255, 255
126+  C467 00000000FFFFFFFF
127+  C46F             	DB 0, 0, 0, 0, 0, 0, 255, 255
127+  C46F 000000000000FFFF
128+  C477             	DB 1, 3, 7, 15, 31, 63, 127, 255
128+  C477 0103070F1F3F7FFF
129+  C47F             	DB 128, 192, 224, 240, 248, 252, 254, 255
129+  C47F 80C0E0F0F8FCFEFF
130+  C487             	DB 0, 0, 0, 0, 0, 0, 0, 0
130+  C487 0000000000000000
131+  C48F             	DB 0, 126, 126, 126, 126, 126, 126, 0
131+  C48F 007E7E7E7E7E7E00
132+  C497             	DB 0, 127, 127, 127, 127, 127, 127, 127
132+  C497 007F7F7F7F7F7F7F
133+  C49F             	DB 254, 254, 254, 254, 254, 254, 254, 0
133+  C49F FEFEFEFEFEFEFE00
134+  C4A7             	DB 255, 255, 255, 255, 255, 255, 255, 255
134+  C4A7 FFFFFFFFFFFFFFFF
135+  C4AF             	DB 255, 255, 255, 255, 255, 255, 255, 255
135+  C4AF FFFFFFFFFFFFFFFF
136+  C4B7             	DB 0, 127, 127, 127, 127, 127, 127, 127
136+  C4B7 007F7F7F7F7F7F7F
137+  C4BF             	DB 254, 254, 254, 254, 254, 254, 254, 0
137+  C4BF FEFEFEFEFEFEFE00
138+  C4C7             	DB 0, 0, 0, 0, 0, 0, 0, 0
138+  C4C7 0000000000000000
139+  C4CF             	DB 0, 0, 0, 0, 0, 0, 0, 0
139+  C4CF 0000000000000000
140+  C4D7             	DB 0, 0, 0, 0, 0, 0, 0, 0
140+  C4D7 0000000000000000
141+  C4DF             	DB 0, 0, 0, 0, 0, 0, 0, 0
141+  C4DF 0000000000000000
142+  C4E7             	DB 0, 127, 127, 127, 127, 127, 127, 127
142+  C4E7 007F7F7F7F7F7F7F
143+  C4EF             	DB 0, 254, 254, 254, 254, 254, 254, 254
143+  C4EF 00FEFEFEFEFEFEFE
144+  C4F7             	DB 0, 254, 159, 254, 254, 254, 254, 254
144+  C4F7 00FE9FFEFEFEFEFE
145+  C4FF             	DB 0, 0, 0, 0, 0, 0, 0, 0
145+  C4FF 0000000000000000
146+  C507             	DB 0, 0, 0, 0, 0, 0, 0, 0
146+  C507 0000000000000000
147+  C50F             	DB 255, 255, 195, 219, 255, 219, 195, 126
147+  C50F FFFFC3DBFFDBC37E
148+  C517             	DB 24, 24, 0, 24, 60, 126, 195, 255
148+  C517 181800183C7EC3FF
149+  C51F             	DB 255, 129, 195, 126, 60, 24, 24, 126
149+  C51F FF81C37E3C18187E
150+  C527             	DB 0, 0, 0, 255, 129, 195, 255, 126
150+  C527 000000FF81C3FF7E
151+  C52F             	DB 60, 126, 255, 129, 255, 195, 126, 60
151+  C52F 3C7EFF81FFC37E3C
152+  C537             	DB 24, 24, 24, 60, 126, 255, 126, 60
152+  C537 1818183C7EFF7E3C
153+  C53F             	DB 0, 0, 0, 0, 0, 0, 0, 0
153+  C53F 0000000000000000
154+  C547             	DB 0, 0, 0, 0, 0, 0, 0, 0
154+  C547 0000000000000000
155+  C54F             	DB 24, 60, 126, 219, 183, 126, 60, 24
155+  C54F 183C7EDBB77E3C18
156+  C557             	DB 0, 8, 8, 8, 8, 8, 8, 8
156+  C557 0008080808080808
157+  C55F             	DB 0, 0, 0, 0, 0, 0, 0, 0
157+  C55F 0000000000000000
158+  C567             	DB 0, 0, 0, 0, 0, 0, 0, 0
158+  C567 0000000000000000
159+  C56F             	DB 0, 0, 0, 0, 0, 0, 0, 0
159+  C56F 0000000000000000
160+  C577             	DB 0, 0, 0, 0, 0, 0, 0, 0
160+  C577 0000000000000000
161+  C57F             	DB 0, 0, 0, 0, 0, 0, 0, 0
161+  C57F 0000000000000000
162+  C587             	DB 0, 0, 0, 0, 0, 0, 0, 0
162+  C587 0000000000000000
163+  C58F             	DB 0, 60, 66, 66, 60, 66, 66, 66
163+  C58F 003C42423C424242
164+  C597             	DB 0, 60, 34, 34, 28, 34, 34, 60
164+  C597 003C22221C22223C
165+  C59F             	DB 0, 28, 32, 32, 0, 32, 32, 28
165+  C59F 001C20200020201C
166+  C5A7             	DB 0, 60, 34, 34, 0, 34, 34, 60
166+  C5A7 003C22220022223C
167+  C5AF             	DB 0, 28, 32, 32, 28, 32, 32, 28
167+  C5AF 001C20201C20201C
168+  C5B7             	DB 0, 60, 64, 64, 28, 64, 64, 64
168+  C5B7 003C40401C404040
169+  C5BF             	DB 0, 56, 64, 64, 12, 68, 68, 56
169+  C5BF 003840400C444438
170+  C5C7             	DB 0, 68, 68, 68, 56, 68, 68, 68
170+  C5C7 0044444438444444
171+  C5CF             	DB 0, 16, 16, 16, 0, 16, 16, 16
171+  C5CF 0010101000101010
172+  C5D7             	DB 0, 4, 4, 0, 4, 68, 68, 56
172+  C5D7 0004040004444438
173+  C5DF             	DB 0, 68, 72, 80, 56, 68, 68, 68
173+  C5DF 0044485038444444
174+  C5E7             	DB 0, 64, 64, 64, 0, 64, 64, 60
174+  C5E7 004040400040403C
175+  C5EF             	DB 0, 56, 84, 84, 0, 68, 68, 68
175+  C5EF 0038545400444444
176+  C5F7             	DB 0, 100, 84, 76, 0, 68, 68, 68
176+  C5F7 0064544C00444444
177+  C5FF             	DB 0, 56, 68, 68, 0, 68, 68, 56
177+  C5FF 0038444400444438
178+  C607             	DB 0, 56, 68, 68, 56, 64, 64, 64
178+  C607 0038444438404040
179+  C60F             	DB 0, 56, 68, 68, 0, 68, 72, 52
179+  C60F 0038444400444834
180+  C617             	DB 0, 56, 68, 68, 56, 80, 72, 68
180+  C617 0038444438504844
181+  C61F             	DB 0, 60, 64, 64, 56, 4, 4, 120
181+  C61F 003C404038040478
182+  C627             	DB 0, 124, 16, 16, 0, 16, 16, 16
182+  C627 007C101000101010
183+  C62F             	DB 0, 68, 68, 68, 0, 68, 68, 56
183+  C62F 0044444400444438
184+  C637             	DB 0, 68, 68, 68, 8, 80, 96, 64
184+  C637 0044444408506040
185+  C63F             	DB 0, 68, 68, 68, 0, 84, 84, 56
185+  C63F 0044444400545438
186+  C647             	DB 0, 68, 68, 40, 16, 40, 68, 68
186+  C647 0044442810284444
187+  C64F             	DB 0, 68, 68, 68, 56, 4, 4, 56
187+  C64F 0044444438040438
188+  C657             	DB 0, 60, 4, 8, 16, 32, 64, 120
188+  C657 003C040810204078
189+  C65F             	DB 0, 0, 0, 0, 0, 0, 0, 0
189+  C65F 0000000000000000
190+  C667             	DB 0, 0, 0, 0, 0, 0, 0, 0
190+  C667 0000000000000000
191+  C66F             	DB 0, 0, 0, 0, 0, 0, 0, 0
191+  C66F 0000000000000000
192+  C677             	DB 0, 0, 0, 0, 0, 0, 0, 0
192+  C677 0000000000000000
193+  C67F             	DB 0, 0, 0, 0, 0, 0, 0, 0
193+  C67F 0000000000000000
194+  C687             	DB 0, 0, 0, 0, 0, 0, 0, 0
194+  C687 0000000000000000
195+  C68F             BANK_PATTERN_2: 
196+  C68F             	DB 255, 255, 255, 255, 255, 255, 255, 255
196+  C68F FFFFFFFFFFFFFFFF
197+  C697             	DB 255, 255, 255, 255, 255, 255, 255, 255
197+  C697 FFFFFFFFFFFFFFFF
198+  C69F             	DB 0, 0, 0, 0, 255, 255, 255, 255
198+  C69F 00000000FFFFFFFF
199+  C6A7             	DB 0, 0, 0, 0, 0, 0, 255, 255
199+  C6A7 000000000000FFFF
200+  C6AF             	DB 1, 3, 7, 15, 31, 63, 127, 255
200+  C6AF 0103070F1F3F7FFF
201+  C6B7             	DB 128, 192, 224, 240, 248, 252, 254, 255
201+  C6B7 80C0E0F0F8FCFEFF
202+  C6BF             	DB 255, 255, 255, 255, 255, 255, 255, 255
202+  C6BF FFFFFFFFFFFFFFFF
203+  C6C7             	DB 0, 0, 0, 0, 255, 255, 255, 255
203+  C6C7 00000000FFFFFFFF
204+  C6CF             	DB 0, 0, 0, 0, 0, 0, 255, 255
204+  C6CF 000000000000FFFF
205+  C6D7             	DB 1, 3, 7, 15, 31, 63, 127, 255
205+  C6D7 0103070F1F3F7FFF
206+  C6DF             	DB 128, 192, 224, 240, 248, 252, 254, 255
206+  C6DF 80C0E0F0F8FCFEFF
207+  C6E7             	DB 255, 255, 255, 255, 255, 255, 255, 255
207+  C6E7 FFFFFFFFFFFFFFFF
208+  C6EF             	DB 0, 0, 0, 0, 255, 255, 255, 255
208+  C6EF 00000000FFFFFFFF
209+  C6F7             	DB 0, 0, 0, 0, 0, 0, 255, 255
209+  C6F7 000000000000FFFF
210+  C6FF             	DB 1, 3, 7, 15, 31, 63, 127, 255
210+  C6FF 0103070F1F3F7FFF
211+  C707             	DB 128, 192, 224, 240, 248, 252, 254, 255
211+  C707 80C0E0F0F8FCFEFF
212+  C70F             	DB 255, 255, 255, 255, 255, 255, 255, 255
212+  C70F FFFFFFFFFFFFFFFF
213+  C717             	DB 0, 0, 0, 0, 255, 255, 255, 255
213+  C717 00000000FFFFFFFF
214+  C71F             	DB 0, 0, 0, 0, 0, 0, 255, 255
214+  C71F 000000000000FFFF
215+  C727             	DB 1, 3, 7, 15, 31, 63, 127, 255
215+  C727 0103070F1F3F7FFF
216+  C72F             	DB 128, 192, 224, 240, 248, 252, 254, 255
216+  C72F 80C0E0F0F8FCFEFF
217+  C737             	DB 255, 255, 255, 255, 255, 255, 255, 255
217+  C737 FFFFFFFFFFFFFFFF
218+  C73F             	DB 0, 0, 0, 0, 255, 255, 255, 255
218+  C73F 00000000FFFFFFFF
219+  C747             	DB 0, 0, 0, 0, 0, 0, 255, 255
219+  C747 000000000000FFFF
220+  C74F             	DB 1, 3, 7, 15, 31, 63, 127, 255
220+  C74F 0103070F1F3F7FFF
221+  C757             	DB 128, 192, 224, 240, 248, 252, 254, 255
221+  C757 80C0E0F0F8FCFEFF
222+  C75F             	DB 255, 255, 255, 255, 255, 255, 255, 255
222+  C75F FFFFFFFFFFFFFFFF
223+  C767             	DB 0, 0, 0, 0, 255, 255, 255, 255
223+  C767 00000000FFFFFFFF
224+  C76F             	DB 0, 0, 0, 0, 0, 0, 255, 255
224+  C76F 000000000000FFFF
225+  C777             	DB 1, 3, 7, 15, 31, 63, 127, 255
225+  C777 0103070F1F3F7FFF
226+  C77F             	DB 128, 192, 224, 240, 248, 252, 254, 255
226+  C77F 80C0E0F0F8FCFEFF
227+  C787             	DB 0, 0, 0, 0, 0, 0, 0, 0
227+  C787 0000000000000000
228+  C78F             	DB 0, 126, 126, 126, 126, 126, 126, 0
228+  C78F 007E7E7E7E7E7E00
229+  C797             	DB 0, 127, 127, 127, 127, 127, 127, 127
229+  C797 007F7F7F7F7F7F7F
230+  C79F             	DB 254, 254, 254, 254, 254, 254, 254, 0
230+  C79F FEFEFEFEFEFEFE00
231+  C7A7             	DB 255, 255, 255, 255, 255, 255, 255, 255
231+  C7A7 FFFFFFFFFFFFFFFF
232+  C7AF             	DB 255, 255, 255, 255, 255, 255, 255, 255
232+  C7AF FFFFFFFFFFFFFFFF
233+  C7B7             	DB 0, 127, 127, 127, 127, 127, 127, 127
233+  C7B7 007F7F7F7F7F7F7F
234+  C7BF             	DB 254, 254, 254, 254, 254, 254, 254, 0
234+  C7BF FEFEFEFEFEFEFE00
235+  C7C7             	DB 0, 0, 0, 0, 0, 0, 0, 0
235+  C7C7 0000000000000000
236+  C7CF             	DB 0, 0, 0, 0, 0, 0, 0, 0
236+  C7CF 0000000000000000
237+  C7D7             	DB 0, 0, 0, 0, 0, 0, 0, 0
237+  C7D7 0000000000000000
238+  C7DF             	DB 0, 0, 0, 0, 0, 0, 0, 0
238+  C7DF 0000000000000000
239+  C7E7             	DB 0, 127, 127, 127, 127, 127, 127, 127
239+  C7E7 007F7F7F7F7F7F7F
240+  C7EF             	DB 0, 254, 254, 254, 254, 254, 254, 254
240+  C7EF 00FEFEFEFEFEFEFE
241+  C7F7             	DB 0, 254, 159, 254, 254, 254, 254, 254
241+  C7F7 00FE9FFEFEFEFEFE
242+  C7FF             	DB 0, 0, 0, 0, 0, 0, 0, 0
242+  C7FF 0000000000000000
243+  C807             	DB 0, 0, 0, 0, 0, 0, 0, 0
243+  C807 0000000000000000
244+  C80F             	DB 255, 255, 195, 219, 255, 219, 195, 126
244+  C80F FFFFC3DBFFDBC37E
245+  C817             	DB 24, 24, 0, 24, 60, 126, 195, 255
245+  C817 181800183C7EC3FF
246+  C81F             	DB 255, 129, 195, 126, 60, 24, 24, 126
246+  C81F FF81C37E3C18187E
247+  C827             	DB 0, 0, 0, 255, 129, 195, 255, 126
247+  C827 000000FF81C3FF7E
248+  C82F             	DB 60, 126, 255, 129, 255, 195, 126, 60
248+  C82F 3C7EFF81FFC37E3C
249+  C837             	DB 24, 24, 24, 60, 126, 255, 126, 60
249+  C837 1818183C7EFF7E3C
250+  C83F             	DB 0, 0, 0, 0, 0, 0, 0, 0
250+  C83F 0000000000000000
251+  C847             	DB 0, 0, 0, 0, 0, 0, 0, 0
251+  C847 0000000000000000
252+  C84F             	DB 24, 60, 126, 219, 183, 126, 60, 24
252+  C84F 183C7EDBB77E3C18
253+  C857             	DB 0, 8, 8, 8, 8, 8, 8, 8
253+  C857 0008080808080808
254+  C85F             	DB 0, 0, 0, 0, 0, 0, 0, 0
254+  C85F 0000000000000000
255+  C867             	DB 0, 0, 0, 0, 0, 0, 0, 0
255+  C867 0000000000000000
256+  C86F             	DB 0, 0, 0, 0, 0, 0, 0, 0
256+  C86F 0000000000000000
257+  C877             	DB 0, 0, 0, 0, 0, 0, 0, 0
257+  C877 0000000000000000
258+  C87F             	DB 0, 0, 0, 0, 0, 0, 0, 0
258+  C87F 0000000000000000
259+  C887             	DB 0, 0, 0, 0, 0, 0, 0, 0
259+  C887 0000000000000000
260+  C88F             	DB 0, 60, 66, 66, 60, 66, 66, 66
260+  C88F 003C42423C424242
261+  C897             	DB 0, 60, 34, 34, 28, 34, 34, 60
261+  C897 003C22221C22223C
262+  C89F             	DB 0, 28, 32, 32, 0, 32, 32, 28
262+  C89F 001C20200020201C
263+  C8A7             	DB 0, 60, 34, 34, 0, 34, 34, 60
263+  C8A7 003C22220022223C
264+  C8AF             	DB 0, 28, 32, 32, 28, 32, 32, 28
264+  C8AF 001C20201C20201C
265+  C8B7             	DB 0, 60, 64, 64, 28, 64, 64, 64
265+  C8B7 003C40401C404040
266+  C8BF             	DB 0, 56, 64, 64, 12, 68, 68, 56
266+  C8BF 003840400C444438
267+  C8C7             	DB 0, 68, 68, 68, 56, 68, 68, 68
267+  C8C7 0044444438444444
268+  C8CF             	DB 0, 16, 16, 16, 0, 16, 16, 16
268+  C8CF 0010101000101010
269+  C8D7             	DB 0, 4, 4, 0, 4, 68, 68, 56
269+  C8D7 0004040004444438
270+  C8DF             	DB 0, 68, 72, 80, 56, 68, 68, 68
270+  C8DF 0044485038444444
271+  C8E7             	DB 0, 64, 64, 64, 0, 64, 64, 60
271+  C8E7 004040400040403C
272+  C8EF             	DB 0, 56, 84, 84, 0, 68, 68, 68
272+  C8EF 0038545400444444
273+  C8F7             	DB 0, 100, 84, 76, 0, 68, 68, 68
273+  C8F7 0064544C00444444
274+  C8FF             	DB 0, 56, 68, 68, 0, 68, 68, 56
274+  C8FF 0038444400444438
275+  C907             	DB 0, 56, 68, 68, 56, 64, 64, 64
275+  C907 0038444438404040
276+  C90F             	DB 0, 56, 68, 68, 0, 68, 72, 52
276+  C90F 0038444400444834
277+  C917             	DB 0, 56, 68, 68, 56, 80, 72, 68
277+  C917 0038444438504844
278+  C91F             	DB 0, 60, 64, 64, 56, 4, 4, 120
278+  C91F 003C404038040478
279+  C927             	DB 0, 124, 16, 16, 0, 16, 16, 16
279+  C927 007C101000101010
280+  C92F             	DB 0, 68, 68, 68, 0, 68, 68, 56
280+  C92F 0044444400444438
281+  C937             	DB 0, 68, 68, 68, 8, 80, 96, 64
281+  C937 0044444408506040
282+  C93F             	DB 0, 68, 68, 68, 0, 84, 84, 56
282+  C93F 0044444400545438
283+  C947             	DB 0, 68, 68, 40, 16, 40, 68, 68
283+  C947 0044442810284444
284+  C94F             	DB 0, 68, 68, 68, 56, 4, 4, 56
284+  C94F 0044444438040438
285+  C957             	DB 0, 60, 4, 8, 16, 32, 64, 120
285+  C957 003C040810204078
286+  C95F             	DB 0, 0, 0, 0, 0, 0, 0, 0
286+  C95F 0000000000000000
287+  C967             	DB 0, 0, 0, 0, 0, 0, 0, 0
287+  C967 0000000000000000
288+  C96F             	DB 0, 0, 0, 0, 0, 0, 0, 0
288+  C96F 0000000000000000
289+  C977             	DB 0, 0, 0, 0, 0, 0, 0, 0
289+  C977 0000000000000000
290+  C97F             	DB 0, 0, 0, 0, 0, 0, 0, 0
290+  C97F 0000000000000000
291+  C987             	DB 0, 0, 0, 0, 0, 0, 0, 0
291+  C987 0000000000000000
292+  C98F             
293+  C98F             
294+  C98F             
295+  C98F             
111   C98F             tileset_color: 
112   C98F             	include "src/tileset-color.asm"
001+  C98F             BANK_COLOR_0: 
002+  C98F             	DB 16, 16, 16, 16, 16, 16, 16, 16
002+  C98F 1010101010101010
003+  C997             	DB 208, 208, 208, 208, 208, 208, 208, 208
003+  C997 D0D0D0D0D0D0D0D0
004+  C99F             	DB 208, 208, 208, 208, 208, 208, 208, 208
004+  C99F D0D0D0D0D0D0D0D0
005+  C9A7             	DB 208, 208, 208, 208, 208, 208, 208, 208
005+  C9A7 D0D0D0D0D0D0D0D0
006+  C9AF             	DB 208, 208, 208, 208, 208, 208, 208, 208
006+  C9AF D0D0D0D0D0D0D0D0
007+  C9B7             	DB 208, 208, 208, 208, 208, 208, 208, 208
007+  C9B7 D0D0D0D0D0D0D0D0
008+  C9BF             	DB 128, 128, 128, 128, 128, 128, 128, 128
008+  C9BF 8080808080808080
009+  C9C7             	DB 128, 128, 128, 128, 128, 128, 128, 128
009+  C9C7 8080808080808080
010+  C9CF             	DB 128, 128, 128, 128, 128, 128, 128, 128
010+  C9CF 8080808080808080
011+  C9D7             	DB 128, 128, 128, 128, 128, 128, 128, 128
011+  C9D7 8080808080808080
012+  C9DF             	DB 128, 128, 128, 128, 128, 128, 128, 128
012+  C9DF 8080808080808080
013+  C9E7             	DB 112, 112, 112, 112, 112, 112, 112, 112
013+  C9E7 7070707070707070
014+  C9EF             	DB 112, 112, 112, 112, 112, 112, 112, 112
014+  C9EF 7070707070707070
015+  C9F7             	DB 112, 112, 112, 112, 112, 112, 112, 112
015+  C9F7 7070707070707070
016+  C9FF             	DB 112, 112, 112, 112, 112, 112, 112, 112
016+  C9FF 7070707070707070
017+  CA07             	DB 112, 112, 112, 112, 112, 112, 112, 112
017+  CA07 7070707070707070
018+  CA0F             	DB 64, 64, 64, 64, 64, 64, 64, 64
018+  CA0F 4040404040404040
019+  CA17             	DB 64, 64, 64, 64, 64, 64, 64, 64
019+  CA17 4040404040404040
020+  CA1F             	DB 64, 64, 64, 64, 64, 64, 64, 64
020+  CA1F 4040404040404040
021+  CA27             	DB 64, 64, 64, 64, 64, 64, 64, 64
021+  CA27 4040404040404040
022+  CA2F             	DB 64, 64, 64, 64, 64, 64, 64, 64
022+  CA2F 4040404040404040
023+  CA37             	DB 192, 192, 192, 192, 192, 192, 192, 192
023+  CA37 C0C0C0C0C0C0C0C0
024+  CA3F             	DB 32, 32, 32, 32, 32, 32, 32, 32
024+  CA3F 2020202020202020
025+  CA47             	DB 32, 32, 32, 32, 32, 32, 32, 32
025+  CA47 2020202020202020
026+  CA4F             	DB 32, 32, 32, 32, 32, 32, 32, 32
026+  CA4F 2020202020202020
027+  CA57             	DB 32, 32, 32, 32, 32, 32, 32, 32
027+  CA57 2020202020202020
028+  CA5F             	DB 224, 224, 224, 224, 224, 224, 224, 224
028+  CA5F E0E0E0E0E0E0E0E0
029+  CA67             	DB 224, 224, 224, 224, 224, 224, 224, 224
029+  CA67 E0E0E0E0E0E0E0E0
030+  CA6F             	DB 224, 224, 224, 224, 224, 224, 224, 224
030+  CA6F E0E0E0E0E0E0E0E0
031+  CA77             	DB 224, 224, 224, 224, 224, 224, 224, 224
031+  CA77 E0E0E0E0E0E0E0E0
032+  CA7F             	DB 224, 224, 224, 224, 224, 224, 224, 224
032+  CA7F E0E0E0E0E0E0E0E0
033+  CA87             	DB 16, 16, 16, 16, 16, 16, 16, 16
033+  CA87 1010101010101010
034+  CA8F             	DB 185, 185, 185, 185, 185, 185, 185, 185
034+  CA8F B9B9B9B9B9B9B9B9
035+  CA97             	DB 240, 240, 240, 240, 240, 240, 240, 241
035+  CA97 F0F0F0F0F0F0F0F1
036+  CA9F             	DB 240, 240, 240, 240, 240, 240, 240, 241
036+  CA9F F0F0F0F0F0F0F0F1
037+  CAA7             	DB 240, 240, 240, 240, 240, 240, 240, 241
037+  CAA7 F0F0F0F0F0F0F0F1
038+  CAAF             	DB 160, 160, 160, 160, 160, 160, 160, 160
038+  CAAF A0A0A0A0A0A0A0A0
039+  CAB7             	DB 160, 160, 160, 160, 160, 160, 160, 160
039+  CAB7 A0A0A0A0A0A0A0A0
040+  CABF             	DB 160, 160, 160, 160, 160, 160, 160, 160
040+  CABF A0A0A0A0A0A0A0A0
041+  CAC7             	DB 16, 16, 16, 16, 16, 16, 16, 16
041+  CAC7 1010101010101010
042+  CACF             	DB 16, 16, 16, 16, 16, 16, 16, 16
042+  CACF 1010101010101010
043+  CAD7             	DB 16, 16, 16, 16, 16, 16, 16, 16
043+  CAD7 1010101010101010
044+  CADF             	DB 16, 16, 16, 16, 16, 16, 16, 16
044+  CADF 1010101010101010
045+  CAE7             	DB 134, 134, 134, 134, 134, 134, 134, 134
045+  CAE7 8686868686868686
046+  CAEF             	DB 134, 134, 134, 134, 134, 134, 134, 134
046+  CAEF 8686868686868686
047+  CAF7             	DB 134, 134, 129, 134, 134, 134, 134, 134
047+  CAF7 8686818686868686
048+  CAFF             	DB 16, 16, 16, 16, 16, 16, 16, 16
048+  CAFF 1010101010101010
049+  CB07             	DB 16, 16, 16, 16, 16, 16, 16, 16
049+  CB07 1010101010101010
050+  CB0F             	DB 192, 192, 200, 201, 192, 201, 200, 192
050+  CB0F C0C0C8C9C0C9C8C0
051+  CB17             	DB 192, 192, 192, 192, 192, 192, 200, 192
051+  CB17 C0C0C0C0C0C0C8C0
052+  CB1F             	DB 128, 135, 135, 128, 128, 128, 128, 128
052+  CB1F 8087878080808080
053+  CB27             	DB 144, 144, 144, 144, 151, 151, 144, 144
053+  CB27 9090909097979090
054+  CB2F             	DB 144, 144, 144, 159, 144, 159, 144, 144
054+  CB2F 9090909F909F9090
055+  CB37             	DB 144, 144, 144, 145, 144, 144, 144, 144
055+  CB37 9090909190909090
056+  CB3F             	DB 16, 16, 16, 16, 16, 16, 16, 16
056+  CB3F 1010101010101010
057+  CB47             	DB 16, 16, 16, 16, 16, 16, 16, 16
057+  CB47 1010101010101010
058+  CB4F             	DB 122, 122, 122, 127, 127, 122, 122, 122
058+  CB4F 7A7A7A7F7F7A7A7A
059+  CB57             	DB 118, 122, 122, 122, 122, 122, 122, 122
059+  CB57 767A7A7A7A7A7A7A
060+  CB5F             	DB 16, 16, 16, 16, 16, 16, 16, 16
060+  CB5F 1010101010101010
061+  CB67             	DB 16, 16, 16, 16, 16, 16, 16, 16
061+  CB67 1010101010101010
062+  CB6F             	DB 16, 16, 16, 16, 16, 16, 16, 16
062+  CB6F 1010101010101010
063+  CB77             	DB 16, 16, 16, 16, 16, 16, 16, 16
063+  CB77 1010101010101010
064+  CB7F             	DB 16, 16, 16, 16, 16, 16, 16, 16
064+  CB7F 1010101010101010
065+  CB87             	DB 16, 16, 16, 16, 16, 16, 16, 16
065+  CB87 1010101010101010
066+  CB8F             	DB 48, 48, 48, 48, 48, 48, 48, 48
066+  CB8F 3030303030303030
067+  CB97             	DB 48, 48, 48, 48, 48, 48, 48, 48
067+  CB97 3030303030303030
068+  CB9F             	DB 48, 48, 48, 48, 48, 48, 48, 48
068+  CB9F 3030303030303030
069+  CBA7             	DB 48, 48, 48, 48, 48, 48, 48, 48
069+  CBA7 3030303030303030
070+  CBAF             	DB 48, 48, 48, 48, 48, 48, 48, 48
070+  CBAF 3030303030303030
071+  CBB7             	DB 48, 48, 48, 48, 48, 48, 48, 48
071+  CBB7 3030303030303030
072+  CBBF             	DB 48, 48, 48, 48, 48, 48, 48, 48
072+  CBBF 3030303030303030
073+  CBC7             	DB 48, 48, 48, 48, 48, 48, 48, 48
073+  CBC7 3030303030303030
074+  CBCF             	DB 48, 48, 48, 48, 48, 48, 48, 48
074+  CBCF 3030303030303030
075+  CBD7             	DB 48, 48, 48, 48, 48, 48, 48, 48
075+  CBD7 3030303030303030
076+  CBDF             	DB 48, 48, 48, 48, 48, 48, 48, 48
076+  CBDF 3030303030303030
077+  CBE7             	DB 48, 48, 48, 48, 48, 48, 48, 48
077+  CBE7 3030303030303030
078+  CBEF             	DB 48, 48, 48, 48, 48, 48, 48, 48
078+  CBEF 3030303030303030
079+  CBF7             	DB 48, 48, 48, 48, 48, 48, 48, 48
079+  CBF7 3030303030303030
080+  CBFF             	DB 48, 48, 48, 48, 48, 48, 48, 48
080+  CBFF 3030303030303030
081+  CC07             	DB 48, 48, 48, 48, 48, 48, 48, 48
081+  CC07 3030303030303030
082+  CC0F             	DB 48, 48, 48, 48, 48, 48, 48, 48
082+  CC0F 3030303030303030
083+  CC17             	DB 48, 48, 48, 48, 48, 48, 48, 48
083+  CC17 3030303030303030
084+  CC1F             	DB 48, 48, 48, 48, 48, 48, 48, 48
084+  CC1F 3030303030303030
085+  CC27             	DB 48, 48, 48, 48, 48, 48, 48, 48
085+  CC27 3030303030303030
086+  CC2F             	DB 48, 48, 48, 48, 48, 48, 48, 48
086+  CC2F 3030303030303030
087+  CC37             	DB 48, 48, 48, 48, 48, 48, 48, 48
087+  CC37 3030303030303030
088+  CC3F             	DB 48, 48, 48, 48, 48, 48, 48, 48
088+  CC3F 3030303030303030
089+  CC47             	DB 48, 48, 48, 48, 48, 48, 48, 48
089+  CC47 3030303030303030
090+  CC4F             	DB 48, 48, 48, 48, 48, 48, 48, 48
090+  CC4F 3030303030303030
091+  CC57             	DB 48, 48, 48, 48, 48, 48, 48, 48
091+  CC57 3030303030303030
092+  CC5F             	DB 16, 16, 16, 16, 16, 16, 16, 16
092+  CC5F 1010101010101010
093+  CC67             	DB 16, 16, 16, 16, 16, 16, 16, 16
093+  CC67 1010101010101010
094+  CC6F             	DB 16, 16, 16, 16, 16, 16, 16, 16
094+  CC6F 1010101010101010
095+  CC77             	DB 16, 16, 16, 16, 16, 16, 16, 16
095+  CC77 1010101010101010
096+  CC7F             	DB 16, 16, 16, 16, 16, 16, 16, 16
096+  CC7F 1010101010101010
097+  CC87             	DB 16, 16, 16, 16, 16, 16, 16, 16
097+  CC87 1010101010101010
098+  CC8F             
099+  CC8F             BANK_COLOR_1: 
100+  CC8F             	DB 16, 16, 16, 16, 16, 16, 16, 16
100+  CC8F 1010101010101010
101+  CC97             	DB 208, 208, 208, 208, 208, 208, 208, 208
101+  CC97 D0D0D0D0D0D0D0D0
102+  CC9F             	DB 208, 208, 208, 208, 208, 208, 208, 208
102+  CC9F D0D0D0D0D0D0D0D0
103+  CCA7             	DB 208, 208, 208, 208, 208, 208, 208, 208
103+  CCA7 D0D0D0D0D0D0D0D0
104+  CCAF             	DB 208, 208, 208, 208, 208, 208, 208, 208
104+  CCAF D0D0D0D0D0D0D0D0
105+  CCB7             	DB 208, 208, 208, 208, 208, 208, 208, 208
105+  CCB7 D0D0D0D0D0D0D0D0
106+  CCBF             	DB 128, 128, 128, 128, 128, 128, 128, 128
106+  CCBF 8080808080808080
107+  CCC7             	DB 128, 128, 128, 128, 128, 128, 128, 128
107+  CCC7 8080808080808080
108+  CCCF             	DB 128, 128, 128, 128, 128, 128, 128, 128
108+  CCCF 8080808080808080
109+  CCD7             	DB 128, 128, 128, 128, 128, 128, 128, 128
109+  CCD7 8080808080808080
110+  CCDF             	DB 128, 128, 128, 128, 128, 128, 128, 128
110+  CCDF 8080808080808080
111+  CCE7             	DB 112, 112, 112, 112, 112, 112, 112, 112
111+  CCE7 7070707070707070
112+  CCEF             	DB 112, 112, 112, 112, 112, 112, 112, 112
112+  CCEF 7070707070707070
113+  CCF7             	DB 112, 112, 112, 112, 112, 112, 112, 112
113+  CCF7 7070707070707070
114+  CCFF             	DB 112, 112, 112, 112, 112, 112, 112, 112
114+  CCFF 7070707070707070
115+  CD07             	DB 112, 112, 112, 112, 112, 112, 112, 112
115+  CD07 7070707070707070
116+  CD0F             	DB 64, 64, 64, 64, 64, 64, 64, 64
116+  CD0F 4040404040404040
117+  CD17             	DB 64, 64, 64, 64, 64, 64, 64, 64
117+  CD17 4040404040404040
118+  CD1F             	DB 64, 64, 64, 64, 64, 64, 64, 64
118+  CD1F 4040404040404040
119+  CD27             	DB 64, 64, 64, 64, 64, 64, 64, 64
119+  CD27 4040404040404040
120+  CD2F             	DB 64, 64, 64, 64, 64, 64, 64, 64
120+  CD2F 4040404040404040
121+  CD37             	DB 192, 192, 192, 192, 192, 192, 192, 192
121+  CD37 C0C0C0C0C0C0C0C0
122+  CD3F             	DB 32, 32, 32, 32, 32, 32, 32, 32
122+  CD3F 2020202020202020
123+  CD47             	DB 32, 32, 32, 32, 32, 32, 32, 32
123+  CD47 2020202020202020
124+  CD4F             	DB 32, 32, 32, 32, 32, 32, 32, 32
124+  CD4F 2020202020202020
125+  CD57             	DB 32, 32, 32, 32, 32, 32, 32, 32
125+  CD57 2020202020202020
126+  CD5F             	DB 224, 224, 224, 224, 224, 224, 224, 224
126+  CD5F E0E0E0E0E0E0E0E0
127+  CD67             	DB 224, 224, 224, 224, 224, 224, 224, 224
127+  CD67 E0E0E0E0E0E0E0E0
128+  CD6F             	DB 224, 224, 224, 224, 224, 224, 224, 224
128+  CD6F E0E0E0E0E0E0E0E0
129+  CD77             	DB 224, 224, 224, 224, 224, 224, 224, 224
129+  CD77 E0E0E0E0E0E0E0E0
130+  CD7F             	DB 224, 224, 224, 224, 224, 224, 224, 224
130+  CD7F E0E0E0E0E0E0E0E0
131+  CD87             	DB 16, 16, 16, 16, 16, 16, 16, 16
131+  CD87 1010101010101010
132+  CD8F             	DB 185, 185, 185, 185, 185, 185, 185, 185
132+  CD8F B9B9B9B9B9B9B9B9
133+  CD97             	DB 240, 240, 240, 240, 240, 240, 240, 241
133+  CD97 F0F0F0F0F0F0F0F1
134+  CD9F             	DB 240, 240, 240, 240, 240, 240, 240, 241
134+  CD9F F0F0F0F0F0F0F0F1
135+  CDA7             	DB 240, 240, 240, 240, 240, 240, 240, 241
135+  CDA7 F0F0F0F0F0F0F0F1
136+  CDAF             	DB 160, 160, 160, 160, 160, 160, 160, 160
136+  CDAF A0A0A0A0A0A0A0A0
137+  CDB7             	DB 160, 160, 160, 160, 160, 160, 160, 160
137+  CDB7 A0A0A0A0A0A0A0A0
138+  CDBF             	DB 160, 160, 160, 160, 160, 160, 160, 160
138+  CDBF A0A0A0A0A0A0A0A0
139+  CDC7             	DB 16, 16, 16, 16, 16, 16, 16, 16
139+  CDC7 1010101010101010
140+  CDCF             	DB 16, 16, 16, 16, 16, 16, 16, 16
140+  CDCF 1010101010101010
141+  CDD7             	DB 16, 16, 16, 16, 16, 16, 16, 16
141+  CDD7 1010101010101010
142+  CDDF             	DB 16, 16, 16, 16, 16, 16, 16, 16
142+  CDDF 1010101010101010
143+  CDE7             	DB 134, 134, 134, 134, 134, 134, 134, 134
143+  CDE7 8686868686868686
144+  CDEF             	DB 134, 134, 134, 134, 134, 134, 134, 134
144+  CDEF 8686868686868686
145+  CDF7             	DB 134, 134, 129, 134, 134, 134, 134, 134
145+  CDF7 8686818686868686
146+  CDFF             	DB 16, 16, 16, 16, 16, 16, 16, 16
146+  CDFF 1010101010101010
147+  CE07             	DB 16, 16, 16, 16, 16, 16, 16, 16
147+  CE07 1010101010101010
148+  CE0F             	DB 192, 192, 200, 201, 192, 201, 200, 192
148+  CE0F C0C0C8C9C0C9C8C0
149+  CE17             	DB 192, 192, 192, 192, 192, 192, 200, 192
149+  CE17 C0C0C0C0C0C0C8C0
150+  CE1F             	DB 128, 135, 135, 128, 128, 128, 128, 128
150+  CE1F 8087878080808080
151+  CE27             	DB 144, 144, 144, 144, 151, 151, 144, 144
151+  CE27 9090909097979090
152+  CE2F             	DB 144, 144, 144, 159, 144, 159, 144, 144
152+  CE2F 9090909F909F9090
153+  CE37             	DB 144, 144, 144, 145, 144, 144, 144, 144
153+  CE37 9090909190909090
154+  CE3F             	DB 16, 16, 16, 16, 16, 16, 16, 16
154+  CE3F 1010101010101010
155+  CE47             	DB 16, 16, 16, 16, 16, 16, 16, 16
155+  CE47 1010101010101010
156+  CE4F             	DB 122, 122, 122, 127, 127, 122, 122, 122
156+  CE4F 7A7A7A7F7F7A7A7A
157+  CE57             	DB 118, 122, 122, 122, 122, 122, 122, 122
157+  CE57 767A7A7A7A7A7A7A
158+  CE5F             	DB 16, 16, 16, 16, 16, 16, 16, 16
158+  CE5F 1010101010101010
159+  CE67             	DB 16, 16, 16, 16, 16, 16, 16, 16
159+  CE67 1010101010101010
160+  CE6F             	DB 16, 16, 16, 16, 16, 16, 16, 16
160+  CE6F 1010101010101010
161+  CE77             	DB 16, 16, 16, 16, 16, 16, 16, 16
161+  CE77 1010101010101010
162+  CE7F             	DB 16, 16, 16, 16, 16, 16, 16, 16
162+  CE7F 1010101010101010
163+  CE87             	DB 16, 16, 16, 16, 16, 16, 16, 16
163+  CE87 1010101010101010
164+  CE8F             	DB 48, 48, 48, 48, 48, 48, 48, 48
164+  CE8F 3030303030303030
165+  CE97             	DB 48, 48, 48, 48, 48, 48, 48, 48
165+  CE97 3030303030303030
166+  CE9F             	DB 48, 48, 48, 48, 48, 48, 48, 48
166+  CE9F 3030303030303030
167+  CEA7             	DB 48, 48, 48, 48, 48, 48, 48, 48
167+  CEA7 3030303030303030
168+  CEAF             	DB 48, 48, 48, 48, 48, 48, 48, 48
168+  CEAF 3030303030303030
169+  CEB7             	DB 48, 48, 48, 48, 48, 48, 48, 48
169+  CEB7 3030303030303030
170+  CEBF             	DB 48, 48, 48, 48, 48, 48, 48, 48
170+  CEBF 3030303030303030
171+  CEC7             	DB 48, 48, 48, 48, 48, 48, 48, 48
171+  CEC7 3030303030303030
172+  CECF             	DB 48, 48, 48, 48, 48, 48, 48, 48
172+  CECF 3030303030303030
173+  CED7             	DB 48, 48, 48, 48, 48, 48, 48, 48
173+  CED7 3030303030303030
174+  CEDF             	DB 48, 48, 48, 48, 48, 48, 48, 48
174+  CEDF 3030303030303030
175+  CEE7             	DB 48, 48, 48, 48, 48, 48, 48, 48
175+  CEE7 3030303030303030
176+  CEEF             	DB 48, 48, 48, 48, 48, 48, 48, 48
176+  CEEF 3030303030303030
177+  CEF7             	DB 48, 48, 48, 48, 48, 48, 48, 48
177+  CEF7 3030303030303030
178+  CEFF             	DB 48, 48, 48, 48, 48, 48, 48, 48
178+  CEFF 3030303030303030
179+  CF07             	DB 48, 48, 48, 48, 48, 48, 48, 48
179+  CF07 3030303030303030
180+  CF0F             	DB 48, 48, 48, 48, 48, 48, 48, 48
180+  CF0F 3030303030303030
181+  CF17             	DB 48, 48, 48, 48, 48, 48, 48, 48
181+  CF17 3030303030303030
182+  CF1F             	DB 48, 48, 48, 48, 48, 48, 48, 48
182+  CF1F 3030303030303030
183+  CF27             	DB 48, 48, 48, 48, 48, 48, 48, 48
183+  CF27 3030303030303030
184+  CF2F             	DB 48, 48, 48, 48, 48, 48, 48, 48
184+  CF2F 3030303030303030
185+  CF37             	DB 48, 48, 48, 48, 48, 48, 48, 48
185+  CF37 3030303030303030
186+  CF3F             	DB 48, 48, 48, 48, 48, 48, 48, 48
186+  CF3F 3030303030303030
187+  CF47             	DB 48, 48, 48, 48, 48, 48, 48, 48
187+  CF47 3030303030303030
188+  CF4F             	DB 48, 48, 48, 48, 48, 48, 48, 48
188+  CF4F 3030303030303030
189+  CF57             	DB 48, 48, 48, 48, 48, 48, 48, 48
189+  CF57 3030303030303030
190+  CF5F             	DB 16, 16, 16, 16, 16, 16, 16, 16
190+  CF5F 1010101010101010
191+  CF67             	DB 16, 16, 16, 16, 16, 16, 16, 16
191+  CF67 1010101010101010
192+  CF6F             	DB 16, 16, 16, 16, 16, 16, 16, 16
192+  CF6F 1010101010101010
193+  CF77             	DB 16, 16, 16, 16, 16, 16, 16, 16
193+  CF77 1010101010101010
194+  CF7F             	DB 16, 16, 16, 16, 16, 16, 16, 16
194+  CF7F 1010101010101010
195+  CF87             	DB 16, 16, 16, 16, 16, 16, 16, 16
195+  CF87 1010101010101010
196+  CF8F             
197+  CF8F             BANK_COLOR_2: 
198+  CF8F             	DB 16, 16, 16, 16, 16, 16, 16, 16
198+  CF8F 1010101010101010
199+  CF97             	DB 208, 208, 208, 208, 208, 208, 208, 208
199+  CF97 D0D0D0D0D0D0D0D0
200+  CF9F             	DB 208, 208, 208, 208, 208, 208, 208, 208
200+  CF9F D0D0D0D0D0D0D0D0
201+  CFA7             	DB 208, 208, 208, 208, 208, 208, 208, 208
201+  CFA7 D0D0D0D0D0D0D0D0
202+  CFAF             	DB 208, 208, 208, 208, 208, 208, 208, 208
202+  CFAF D0D0D0D0D0D0D0D0
203+  CFB7             	DB 208, 208, 208, 208, 208, 208, 208, 208
203+  CFB7 D0D0D0D0D0D0D0D0
204+  CFBF             	DB 128, 128, 128, 128, 128, 128, 128, 128
204+  CFBF 8080808080808080
205+  CFC7             	DB 128, 128, 128, 128, 128, 128, 128, 128
205+  CFC7 8080808080808080
206+  CFCF             	DB 128, 128, 128, 128, 128, 128, 128, 128
206+  CFCF 8080808080808080
207+  CFD7             	DB 128, 128, 128, 128, 128, 128, 128, 128
207+  CFD7 8080808080808080
208+  CFDF             	DB 128, 128, 128, 128, 128, 128, 128, 128
208+  CFDF 8080808080808080
209+  CFE7             	DB 112, 112, 112, 112, 112, 112, 112, 112
209+  CFE7 7070707070707070
210+  CFEF             	DB 112, 112, 112, 112, 112, 112, 112, 112
210+  CFEF 7070707070707070
211+  CFF7             	DB 112, 112, 112, 112, 112, 112, 112, 112
211+  CFF7 7070707070707070
212+  CFFF             	DB 112, 112, 112, 112, 112, 112, 112, 112
212+  CFFF 7070707070707070
213+  D007             	DB 112, 112, 112, 112, 112, 112, 112, 112
213+  D007 7070707070707070
214+  D00F             	DB 64, 64, 64, 64, 64, 64, 64, 64
214+  D00F 4040404040404040
215+  D017             	DB 64, 64, 64, 64, 64, 64, 64, 64
215+  D017 4040404040404040
216+  D01F             	DB 64, 64, 64, 64, 64, 64, 64, 64
216+  D01F 4040404040404040
217+  D027             	DB 64, 64, 64, 64, 64, 64, 64, 64
217+  D027 4040404040404040
218+  D02F             	DB 64, 64, 64, 64, 64, 64, 64, 64
218+  D02F 4040404040404040
219+  D037             	DB 192, 192, 192, 192, 192, 192, 192, 192
219+  D037 C0C0C0C0C0C0C0C0
220+  D03F             	DB 32, 32, 32, 32, 32, 32, 32, 32
220+  D03F 2020202020202020
221+  D047             	DB 32, 32, 32, 32, 32, 32, 32, 32
221+  D047 2020202020202020
222+  D04F             	DB 32, 32, 32, 32, 32, 32, 32, 32
222+  D04F 2020202020202020
223+  D057             	DB 32, 32, 32, 32, 32, 32, 32, 32
223+  D057 2020202020202020
224+  D05F             	DB 224, 224, 224, 224, 224, 224, 224, 224
224+  D05F E0E0E0E0E0E0E0E0
225+  D067             	DB 224, 224, 224, 224, 224, 224, 224, 224
225+  D067 E0E0E0E0E0E0E0E0
226+  D06F             	DB 224, 224, 224, 224, 224, 224, 224, 224
226+  D06F E0E0E0E0E0E0E0E0
227+  D077             	DB 224, 224, 224, 224, 224, 224, 224, 224
227+  D077 E0E0E0E0E0E0E0E0
228+  D07F             	DB 224, 224, 224, 224, 224, 224, 224, 224
228+  D07F E0E0E0E0E0E0E0E0
229+  D087             	DB 16, 16, 16, 16, 16, 16, 16, 16
229+  D087 1010101010101010
230+  D08F             	DB 185, 185, 185, 185, 185, 185, 185, 185
230+  D08F B9B9B9B9B9B9B9B9
231+  D097             	DB 240, 240, 240, 240, 240, 240, 240, 241
231+  D097 F0F0F0F0F0F0F0F1
232+  D09F             	DB 240, 240, 240, 240, 240, 240, 240, 241
232+  D09F F0F0F0F0F0F0F0F1
233+  D0A7             	DB 240, 240, 240, 240, 240, 240, 240, 241
233+  D0A7 F0F0F0F0F0F0F0F1
234+  D0AF             	DB 160, 160, 160, 160, 160, 160, 160, 160
234+  D0AF A0A0A0A0A0A0A0A0
235+  D0B7             	DB 160, 160, 160, 160, 160, 160, 160, 160
235+  D0B7 A0A0A0A0A0A0A0A0
236+  D0BF             	DB 160, 160, 160, 160, 160, 160, 160, 160
236+  D0BF A0A0A0A0A0A0A0A0
237+  D0C7             	DB 16, 16, 16, 16, 16, 16, 16, 16
237+  D0C7 1010101010101010
238+  D0CF             	DB 16, 16, 16, 16, 16, 16, 16, 16
238+  D0CF 1010101010101010
239+  D0D7             	DB 16, 16, 16, 16, 16, 16, 16, 16
239+  D0D7 1010101010101010
240+  D0DF             	DB 16, 16, 16, 16, 16, 16, 16, 16
240+  D0DF 1010101010101010
241+  D0E7             	DB 134, 134, 134, 134, 134, 134, 134, 134
241+  D0E7 8686868686868686
242+  D0EF             	DB 134, 134, 134, 134, 134, 134, 134, 134
242+  D0EF 8686868686868686
243+  D0F7             	DB 134, 134, 129, 134, 134, 134, 134, 134
243+  D0F7 8686818686868686
244+  D0FF             	DB 16, 16, 16, 16, 16, 16, 16, 16
244+  D0FF 1010101010101010
245+  D107             	DB 16, 16, 16, 16, 16, 16, 16, 16
245+  D107 1010101010101010
246+  D10F             	DB 192, 192, 200, 201, 192, 201, 200, 192
246+  D10F C0C0C8C9C0C9C8C0
247+  D117             	DB 192, 192, 192, 192, 192, 192, 200, 192
247+  D117 C0C0C0C0C0C0C8C0
248+  D11F             	DB 128, 135, 135, 128, 128, 128, 128, 128
248+  D11F 8087878080808080
249+  D127             	DB 144, 144, 144, 144, 151, 151, 144, 144
249+  D127 9090909097979090
250+  D12F             	DB 144, 144, 144, 159, 144, 159, 144, 144
250+  D12F 9090909F909F9090
251+  D137             	DB 144, 144, 144, 145, 144, 144, 144, 144
251+  D137 9090909190909090
252+  D13F             	DB 16, 16, 16, 16, 16, 16, 16, 16
252+  D13F 1010101010101010
253+  D147             	DB 16, 16, 16, 16, 16, 16, 16, 16
253+  D147 1010101010101010
254+  D14F             	DB 122, 122, 122, 127, 127, 122, 122, 122
254+  D14F 7A7A7A7F7F7A7A7A
255+  D157             	DB 118, 122, 122, 122, 122, 122, 122, 122
255+  D157 767A7A7A7A7A7A7A
256+  D15F             	DB 16, 16, 16, 16, 16, 16, 16, 16
256+  D15F 1010101010101010
257+  D167             	DB 16, 16, 16, 16, 16, 16, 16, 16
257+  D167 1010101010101010
258+  D16F             	DB 16, 16, 16, 16, 16, 16, 16, 16
258+  D16F 1010101010101010
259+  D177             	DB 16, 16, 16, 16, 16, 16, 16, 16
259+  D177 1010101010101010
260+  D17F             	DB 16, 16, 16, 16, 16, 16, 16, 16
260+  D17F 1010101010101010
261+  D187             	DB 16, 16, 16, 16, 16, 16, 16, 16
261+  D187 1010101010101010
262+  D18F             	DB 48, 48, 48, 48, 48, 48, 48, 48
262+  D18F 3030303030303030
263+  D197             	DB 48, 48, 48, 48, 48, 48, 48, 48
263+  D197 3030303030303030
264+  D19F             	DB 48, 48, 48, 48, 48, 48, 48, 48
264+  D19F 3030303030303030
265+  D1A7             	DB 48, 48, 48, 48, 48, 48, 48, 48
265+  D1A7 3030303030303030
266+  D1AF             	DB 48, 48, 48, 48, 48, 48, 48, 48
266+  D1AF 3030303030303030
267+  D1B7             	DB 48, 48, 48, 48, 48, 48, 48, 48
267+  D1B7 3030303030303030
268+  D1BF             	DB 48, 48, 48, 48, 48, 48, 48, 48
268+  D1BF 3030303030303030
269+  D1C7             	DB 48, 48, 48, 48, 48, 48, 48, 48
269+  D1C7 3030303030303030
270+  D1CF             	DB 48, 48, 48, 48, 48, 48, 48, 48
270+  D1CF 3030303030303030
271+  D1D7             	DB 48, 48, 48, 48, 48, 48, 48, 48
271+  D1D7 3030303030303030
272+  D1DF             	DB 48, 48, 48, 48, 48, 48, 48, 48
272+  D1DF 3030303030303030
273+  D1E7             	DB 48, 48, 48, 48, 48, 48, 48, 48
273+  D1E7 3030303030303030
274+  D1EF             	DB 48, 48, 48, 48, 48, 48, 48, 48
274+  D1EF 3030303030303030
275+  D1F7             	DB 48, 48, 48, 48, 48, 48, 48, 48
275+  D1F7 3030303030303030
276+  D1FF             	DB 48, 48, 48, 48, 48, 48, 48, 48
276+  D1FF 3030303030303030
277+  D207             	DB 48, 48, 48, 48, 48, 48, 48, 48
277+  D207 3030303030303030
278+  D20F             	DB 48, 48, 48, 48, 48, 48, 48, 48
278+  D20F 3030303030303030
279+  D217             	DB 48, 48, 48, 48, 48, 48, 48, 48
279+  D217 3030303030303030
280+  D21F             	DB 48, 48, 48, 48, 48, 48, 48, 48
280+  D21F 3030303030303030
281+  D227             	DB 48, 48, 48, 48, 48, 48, 48, 48
281+  D227 3030303030303030
282+  D22F             	DB 48, 48, 48, 48, 48, 48, 48, 48
282+  D22F 3030303030303030
283+  D237             	DB 48, 48, 48, 48, 48, 48, 48, 48
283+  D237 3030303030303030
284+  D23F             	DB 48, 48, 48, 48, 48, 48, 48, 48
284+  D23F 3030303030303030
285+  D247             	DB 48, 48, 48, 48, 48, 48, 48, 48
285+  D247 3030303030303030
286+  D24F             	DB 48, 48, 48, 48, 48, 48, 48, 48
286+  D24F 3030303030303030
287+  D257             	DB 48, 48, 48, 48, 48, 48, 48, 48
287+  D257 3030303030303030
288+  D25F             	DB 16, 16, 16, 16, 16, 16, 16, 16
288+  D25F 1010101010101010
289+  D267             	DB 16, 16, 16, 16, 16, 16, 16, 16
289+  D267 1010101010101010
290+  D26F             	DB 16, 16, 16, 16, 16, 16, 16, 16
290+  D26F 1010101010101010
291+  D277             	DB 16, 16, 16, 16, 16, 16, 16, 16
291+  D277 1010101010101010
292+  D27F             	DB 16, 16, 16, 16, 16, 16, 16, 16
292+  D27F 1010101010101010
293+  D287             	DB 16, 16, 16, 16, 16, 16, 16, 16
293+  D287 1010101010101010
294+  D28F             	
113   D28F             sprites_definition: 
114   D28F             	include "src/spriteset.asm"
001+  D28F             BANK_SPRITES: 
002+  D28F             ;Definition sprite 0, name: Sprite-2
003+  D28F             	db 1,3,7,3,6,7,3,1
003+  D28F 0103070306070301
004+  D297             	db 1,3,2,2,3,1,1,1
004+  D297 0103020203010101
005+  D29F             	db 240,240,224,224,208,240,176,224
005+  D29F F0F0E0E0D0F0B0E0
006+  D2A7             	db 224,240,208,208,240,224,32,176
006+  D2A7 E0F0D0D0F0E020B0
007+  D2AF             ;Definition sprite 1, name: Sprite-3
008+  D2AF             	db 1,1,1,1,3,3,1,0
008+  D2AF 0101010103030100
009+  D2B7             	db 0,1,1,1,1,0,0,0
009+  D2B7 0001010101000000
010+  D2BF             	db 240,240,240,240,104,248,232,240
010+  D2BF F0F0F0F068F8E8F0
011+  D2C7             	db 240,248,168,208,248,240,160,112
011+  D2C7 F0F8A8D0F8F0A070
012+  D2CF             ;Definition sprite 2, name: Sprite-0
013+  D2CF             	db 15,15,7,7,11,15,13,7
013+  D2CF 0F0F07070B0F0D07
014+  D2D7             	db 7,15,11,11,15,7,4,13
014+  D2D7 070F0B0B0F07040D
015+  D2DF             	db 128,192,224,192,96,224,192,128
015+  D2DF 80C0E0C060E0C080
016+  D2E7             	db 128,192,64,64,192,128,128,128
016+  D2E7 80C04040C0808080
017+  D2EF             ;Definition sprite 3, name: Sprite-1
018+  D2EF             	db 15,15,15,15,22,31,23,15
018+  D2EF 0F0F0F0F161F170F
019+  D2F7             	db 15,31,21,11,31,15,5,14
019+  D2F7 0F1F150B1F0F050E
020+  D2FF             	db 128,128,128,128,192,192,128,0
020+  D2FF 80808080C0C08000
021+  D307             	db 0,128,128,128,128,0,0,0
021+  D307 0080808080000000
022+  D30F             ;Definition sprite 4, name: Sprite-4
023+  D30F             	db 7,7,7,7,15,15,7,3
023+  D30F 070707070F0F0703
024+  D317             	db 7,15,11,9,15,7,2,6
024+  D317 070F0B090F070206
025+  D31F             	db 192,192,192,192,224,224,192,128
025+  D31F C0C0C0C0E0E0C080
026+  D327             	db 192,224,160,32,224,224,64,96
026+  D327 C0E0A020E0E04060
027+  D32F             ;Definition sprite 5, name: Sprite-4
028+  D32F             	db 3,7,7,7,15,15,7,3
028+  D32F 030707070F0F0703
029+  D337             	db 7,15,13,9,15,7,2,2
029+  D337 070F0D090F070202
030+  D33F             	db 128,192,192,192,224,224,192,128
030+  D33F 80C0C0C0E0E0C080
031+  D347             	db 192,224,96,32,224,224,96,0
031+  D347 C0E06020E0E06000
032+  D34F             ;Definition sprite 6, name: Sprite-4
033+  D34F             	db 7,7,7,7,13,15,6,3
033+  D34F 070707070D0F0603
034+  D357             	db 7,15,11,13,7,3,2,6
034+  D357 070F0B0D07030206
035+  D35F             	db 192,192,192,192,96,224,192,128
035+  D35F C0C0C0C060E0C080
036+  D367             	db 192,224,160,96,192,192,64,96
036+  D367 C0E0A060C0C04060
037+  D36F             ;Definition sprite 7, name: Sprite-4
038+  D36F             	db 7,7,7,7,13,15,6,3
038+  D36F 070707070D0F0603
039+  D377             	db 7,15,13,11,7,7,2,2
039+  D377 070F0D0B07070202
040+  D37F             	db 192,192,192,192,96,224,192,128
040+  D37F C0C0C0C060E0C080
041+  D387             	db 192,224,96,160,192,192,96,0
041+  D387 C0E060A0C0C06000
042+  D38F             ;Definition sprite 8, name: Sprite-2
043+  D38F             	db 0,24,31,3,3,3,3,1
043+  D38F 00181F0303030301
044+  D397             	db 0,0,1,1,1,1,0,0
044+  D397 0000010101010000
045+  D39F             	db 0,0,224,224,240,80,240,176
045+  D39F 0000E0E0F050F0B0
046+  D3A7             	db 224,240,208,184,240,240,248,64
046+  D3A7 E0F0D0B8F0F0F840
047+  D3AF             ;Definition sprite 9, name: Sprite-2
048+  D3AF             	db 24,24,15,7,7,6,7,3
048+  D3AF 18180F0707060703
049+  D3B7             	db 1,1,2,2,3,3,1,1
049+  D3B7 0101020203030101
050+  D3BF             	db 0,0,192,192,224,160,224,96
050+  D3BF 0000C0C0E0A0E060
051+  D3C7             	db 192,224,160,160,224,224,192,64
051+  D3C7 C0E0A0A0E0E0C040
052+  D3CF             ;Definition sprite 10, name: Sprite-2
053+  D3CF             	db 0,0,7,7,15,10,15,13
053+  D3CF 000007070F0A0F0D
054+  D3D7             	db 7,15,11,29,15,15,31,2
054+  D3D7 070F0B1D0F0F1F02
055+  D3DF             	db 0,24,248,192,192,192,192,128
055+  D3DF 0018F8C0C0C0C080
056+  D3E7             	db 0,0,128,128,128,128,0,0
056+  D3E7 0000808080800000
057+  D3EF             ;Definition sprite 11, name: Sprite-2
058+  D3EF             	db 0,0,3,3,7,5,7,6
058+  D3EF 0000030307050706
059+  D3F7             	db 3,7,5,5,7,7,3,2
059+  D3F7 0307050507070302
060+  D3FF             	db 24,24,240,224,224,96,224,192
060+  D3FF 1818F0E0E060E0C0
061+  D407             	db 128,128,64,64,192,192,128,128
061+  D407 80804040C0C08080
062+  D40F             ;Definition sprite 12, name: Sprite-4
063+  D40F             	db 0,0,0,3,3,7,7,5
063+  D40F 0000000303070705
064+  D417             	db 7,7,19,15,3,3,2,2
064+  D417 0707130F03030202
065+  D41F             	db 0,0,0,192,192,224,224,160
065+  D41F 000000C0C0E0E0A0
066+  D427             	db 224,96,200,240,192,192,64,64
066+  D427 E060C8F0C0C04040
067+  D42F             ;Definition sprite 13, name: Sprite-4
068+  D42F             	db 0,0,0,3,3,7,7,5
068+  D42F 0000000303070705
069+  D437             	db 7,7,3,7,7,11,2,3
069+  D437 07070307070B0203
070+  D43F             	db 0,0,0,192,192,224,224,160
070+  D43F 000000C0C0E0E0A0
071+  D447             	db 224,96,192,224,224,208,64,96
071+  D447 E060C0E0E0D04060
072+  D44F             ;Definition sprite 14, name: Sprite-4
073+  D44F             	db 0,0,0,3,3,7,7,5
073+  D44F 0000000303070705
074+  D457             	db 7,6,19,15,3,3,2,2
074+  D457 0706130F03030202
075+  D45F             	db 0,0,0,192,192,224,224,160
075+  D45F 000000C0C0E0E0A0
076+  D467             	db 224,224,200,240,192,192,64,64
076+  D467 E0E0C8F0C0C04040
077+  D46F             ;Definition sprite 15, name: Sprite-4
078+  D46F             	db 0,0,0,3,3,7,7,5
078+  D46F 0000000303070705
079+  D477             	db 7,6,3,7,7,11,2,6
079+  D477 07060307070B0206
080+  D47F             	db 0,0,0,192,192,224,224,160
080+  D47F 000000C0C0E0E0A0
081+  D487             	db 224,224,192,224,224,208,64,192
081+  D487 E0E0C0E0E0D040C0
082+  D48F             ;Definition sprite 16, name: Sprite-4
083+  D48F             	db 0,7,7,7,7,7,7,1
083+  D48F 0007070707070701
084+  D497             	db 7,14,14,15,15,7,2,3
084+  D497 070E0E0F0F070203
085+  D49F             	db 0,224,240,240,176,224,224,128
085+  D49F 00E0F0F0B0E0E080
086+  D4A7             	db 224,240,56,248,240,224,64,96
086+  D4A7 E0F038F8F0E04060
087+  D4AF             ;Definition sprite 17, name: Sprite-4
088+  D4AF             	db 0,7,7,7,7,7,7,1
088+  D4AF 0007070707070701
089+  D4B7             	db 3,7,6,5,7,3,0,0
089+  D4B7 0307060507030000
090+  D4BF             	db 0,224,240,240,176,224,224,192
090+  D4BF 00E0F0F0B0E0E0C0
091+  D4C7             	db 240,120,252,252,248,240,160,144
091+  D4C7 F078FCFCF8F0A090
092+  D4CF             ;Definition sprite 18, name: Sprite-4
093+  D4CF             	db 0,7,15,15,13,7,7,1
093+  D4CF 00070F0F0D070701
094+  D4D7             	db 7,15,28,31,15,7,2,6
094+  D4D7 070F1C1F0F070206
095+  D4DF             	db 0,224,224,224,224,224,224,128
095+  D4DF 00E0E0E0E0E0E080
096+  D4E7             	db 224,112,112,240,240,224,64,192
096+  D4E7 E07070F0F0E040C0
097+  D4EF             ;Definition sprite 19, name: Sprite-4
098+  D4EF             	db 0,7,15,15,13,7,7,3
098+  D4EF 00070F0F0D070703
099+  D4F7             	db 15,30,63,63,31,15,5,9
099+  D4F7 0F1E3F3F1F0F0509
100+  D4FF             	db 0,224,224,224,224,224,224,128
100+  D4FF 00E0E0E0E0E0E080
101+  D507             	db 192,224,96,160,224,192,0,0
101+  D507 C0E060A0E0C00000
102+  D50F             ;Definition sprite 20, name: Sprite-20
103+  D50F             	db 0,0,4,2,1,35,23,13
103+  D50F 000004020123170D
104+  D517             	db 15,22,35,1,2,4,0,0
104+  D517 0F16230102040000
105+  D51F             	db 0,0,32,64,128,196,232,176
105+  D51F 0000204080C4E8B0
106+  D527             	db 240,168,196,128,64,32,0,0
106+  D527 F0A8C48040200000
107+  D52F             ;Definition sprite 21, name: Sprite-21
108+  D52F             	db 0,1,3,3,0,0,0,0
108+  D52F 0001030300000000
109+  D537             	db 0,48,11,7,15,20,2,0
109+  D537 00300B070F140200
110+  D53F             	db 0,192,224,240,112,120,56,56
110+  D53F 00C0E0F070783838
111+  D547             	db 120,240,240,224,0,0,0,0
111+  D547 78F0F0E000000000
112+  D54F             ;Definition sprite 22, name: Sprite-22
113+  D54F             	db 0,1,13,28,24,1,1,13
113+  D54F 00010D1C1801010D
114+  D557             	db 14,6,0,7,7,0,0,0
114+  D557 0E06000707000000
115+  D55F             	db 0,128,192,192,0,184,184,128
115+  D55F 0080C0C000B8B880
116+  D567             	db 0,96,96,128,0,0,0,0
116+  D567 0060608000000000
117+  D56F             ;Definition sprite 23, name: Sprite-23
118+  D56F             	db 0,0,3,3,14,14,56,56
118+  D56F 000003030E0E3838
119+  D577             	db 14,14,3,3,0,0,0,0
119+  D577 0E0E030300000000
120+  D57F             	db 0,0,192,192,112,120,56,0
120+  D57F 0000C0C070783800
121+  D587             	db 0,112,240,128,0,0,0,0
121+  D587 0070F08000000000
122+  D58F             
123+  D58F             
124+  D58F             
115   D58F             
116   D58F             ;			mapas
117   D58F             ;-----------------------------
118   D58F             map_screen0: 
119   D58F             	include "src/map-screen0.asm"
001+  D58F             
002+  D58F             SCREEN_0_0: 
003+  D58F             	DB  38, 38, 38, 38, 38, 38, 38, 38, 38, 38, 38, 38, 38, 38, 38, 38, 57, 38, 38, 38, 38, 38, 38, 38, 38, 38, 38, 38, 38, 38, 38, 38
003+  D58F 2626262626262626262626262626262639262626262626262626262626262626
004+  D5AF             	DB  38, 38, 38, 38, 38, 38, 38, 38, 38, 38, 38, 38, 38, 38, 38, 38, 57, 38, 38, 38, 38, 38, 38, 38, 38, 38, 38, 38, 38, 38, 38, 38
004+  D5AF 2626262626262626262626262626262639262626262626262626262626262626
005+  D5CF             	DB  38, 38, 68, 87, 72, 83, 38, 38, 38, 38, 38, 38, 38, 38, 38, 38, 56, 38, 38, 38, 38, 38, 38, 38, 38, 38, 38, 38, 38, 38, 38, 38
005+  D5CF 2626445748532626262626262626262638262626262626262626262626262626
006+  D5EF             	DB  38, 38, 38, 38, 38, 38, 38, 38, 38, 38, 38, 38, 38, 38, 38, 38, 38, 38, 38, 38, 38, 38, 38, 38, 38, 38, 38, 38, 38, 38, 38, 38
006+  D5EF 2626262626262626262626262626262626262626262626262626262626262626
007+  D60F             	DB  38, 38, 38, 43, 44, 38, 38, 38, 38, 38, 38, 38, 38, 38, 38, 38, 38, 38, 38, 38, 38, 38, 38, 38, 38, 38, 38, 38, 38, 38, 38, 38
007+  D60F 2626262B2C262626262626262626262626262626262626262626262626262626
008+  D62F             	DB  38, 38, 38, 43, 45, 38,  4,  0,  3,  0,  3,  0,  3,  0,  3,  0,  3,  0,  3,  0,  3,  0,  3,  0,  3,  5, 38, 38, 38, 38, 38, 38
008+  D62F 2626262B2D260400030003000300030003000300030003000305262626262626
009+  D64F             	DB  38, 38, 38, 43, 44,  4,  0,  3,  0,  3,  0,  3,  0,  3,  0,  3,  0,  3,  0,  3,  0,  3,  0,  3,  0,  3,  5, 38, 38, 38, 38, 38
009+  D64F 2626262B2C040003000300030003000300030003000300030003052626262626
010+  D66F             	DB  38, 38, 38, 43,  4,  0,  3,  0,  3,  0,  3,  0,  3,  0,  3,  0,  3,  0,  3,  0,  3,  0,  3,  0,  3,  0,  3,  5, 38, 38, 38, 38
010+  D66F 2626262B04000300030003000300030003000300030003000300030526262626
011+  D68F             	DB  38, 38, 38,  4,  0,  3,  0,  3,  0,  3,  0,  3,  0,  3,  0,  3,  0,  3,  0,  3,  0,  3,  0,  3,  0,  3,  0,  1,  5, 38, 38, 38
011+  D68F 2626260400030003000300030003000300030003000300030003000105262626
012+  D6AF             	DB  38, 38,  4,  0,  2,  0,  2,  0,  2,  0,  2,  0,  2,  0,  2,  0,  2,  0,  2,  0,  2,  0,  2,  0,  2,  0,  2,  0,  0,  5, 38, 38
012+  D6AF 2626040002000200020002000200020002000200020002000200020000052626
013+  D6CF             	DB  38,  4,  0,  2,  0,  2,  0,  2,  0,  2,  0,  2,  0,  2,  0,  2,  0,  2,  0,  2,  0,  2,  0,  2,  0,  2,  0,  2,  0,  1,  5, 38
013+  D6CF 2604000200020002000200020002000200020002000200020002000200010526
014+  D6EF             	DB   4,  0,  2,  0,  2,  0,  2, 50,  2,  0,  2, 51,  2,  0,  2, 50,  2,  0,  2,  0,  2,  0,  2,  0, 50,  0,  2,  0,  2,  0,  0,  5
014+  D6EF 0400020002000232020002330200023202000200020002003200020002000005
015+  D70F             	DB   0,  2,  0,  2,  0,  2,  0,  2,  0,  2,  0,  2,  0,  2,  0,  2,  0,  2,  0,  2,  0,  2,  0,  2,  0,  2,  0,  2,  0,  2,  0,  1
015+  D70F 0002000200020002000200020002000200020002000200020002000200020001
016+  D72F             	DB   2,  0,  2, 51,  2,  0,  2,  0,  2,  0,  2,  0,  2,  0,  2,  0,  2,  0,  2,  0,  2, 51,  2,  0,  2,  0,  2,  0,  2,  0,  2,  0
016+  D72F 0200023302000200020002000200020002000200023302000200020002000200
017+  D74F             	DB   0,  1,  0,  1,  0,  1, 50,  1,  0,  1,  0,  1,  0,  1,  0,  1,  0,  1, 50,  1,  0,  1,  0,  1,  0,  1,  0,  1,  0,  1,  0,  1
017+  D74F 0001000100013201000100010001000100013201000100010001000100010001
018+  D76F             	DB   1,  0,  1,  0,  1,  0,  1,  0,  1,  0,  1, 50,  1,  0,  1,  0,  1,  0,  1,  0,  1,  0,  1,  0, 50,  0,  1,  0,  1,  0,  1,  0
018+  D76F 0100010001000100010001320100010001000100010001003200010001000100
019+  D78F             	DB   0,  1,  0,  1, 49,  1,  0,  1,  0,  1,  0,  1,  0,  1,  0,  1,  0,  1,  0,  1,  0,  1,  0,  1,  0,  1,  0,  1,  0,  1,  0,  1
019+  D78F 0001000131010001000100010001000100010001000100010001000100010001
020+  D7AF             	DB   1,  0,  1,  0, 48,  0,  1,  0,  1,  0,  1,  0,  1, 51,  1,  0,  1,  0,  1,  0,  1,  0,  1,  0,  1,  0, 49,  0,  1,  0,  1,  0
020+  D7AF 0100010030000100010001000133010001000100010001000100310001000100
021+  D7CF             	DB   0,  1,  0,  1,  0,  1,  0,  1,  0, 49,  0,  1,  0,  1,  0,  1,  0,  1, 49,  1,  0,  1,  0,  1,  0,  1, 48,  1,  0,  1,  0,  1
021+  D7CF 0001000100010001003100010001000100013101000100010001300100010001
022+  D7EF             	DB   1, 51,  1,  0,  1,  0,  1,  0,  1, 48,  1,  0,  1,  0,  1,  0,  1,  0, 48,  0,  1,  0, 51,  0,  1,  0,  1,  0,  1,  0,  1,  0
022+  D7EF 0133010001000100013001000100010001003000010033000100010001000100
023+  D80F             	DB   0,  1,  0,  1,  0,  1,  0,  1,  0,  1,  0,  1,  0, 51,  0,  1,  0,  1,  0,  1,  0,  1,  0,  1,  0,  1,  0,  1,  0,  1,  0,  1
023+  D80F 0001000100010001000100010033000100010001000100010001000100010001
024+  D82F             	DB   1,  0,  1,  0,  1,  0,  1,  0,  1,  0,  1,  0,  1,  0,  1,  0,  1,  0,  1,  0,  1,  0,  1,  0,  1,  0,  1,  0,  1,  0,  1,  0
024+  D82F 0100010001000100010001000100010001000100010001000100010001000100
025+  D84F             	;DB   0,  0,  0,  0,  0,  0,  0,  0,  0,  0,  0,  0,  0,  0,  0,  0,  0,  0,  0,  0,  0,  0,  0,  0,  0,  0,  0,  0,  0,  0,  0,  0
026+  D84F             	;DB   0,  0,  0,  0,  0,  0,  0,  0,  0,  0,  0,  0,  0,  0,  0,  0,  0,  0,  0,  0,  0,  0,  0,  0,  0,  0,  0,  0,  0,  0,  0,  0
027+  D84F             
028+  D84F             
120   D84F              
121   D84F             FINAL: 
